multi_clidtop3 received 4 files in 17.473993062973s
multi_clidtop3 received 4 files in 24.379252910614s
multi_clidtop3 received 4 files in 21.375074863434s
multi_clidtop3 received 4 files in 22.856401920319s
multi_clidtop3 received 4 files in 23.723521947861s
multi_clidtop3| Files transfered: 20	 Total time taken: 109.8082447052
Higher time taken: 24.379252910614	 Average time taken: 5.49041223526
multi_clidtop4 received 4 files in 18.05248093605s
multi_clidtop4 received 4 files in 24.26433801651s
multi_clidtop4 received 4 files in 21.491291046143s
multi_clidtop4 received 4 files in 23.195150852203s
multi_clidtop4 received 4 files in 23.362562894821s
multi_clidtop4| Files transfered: 20	 Total time taken: 110.36582374573
Higher time taken: 24.26433801651	 Average time taken: 5.5182911872864
multi_clidtop5 received 4 files in 18.617915868759s
multi_clidtop5 received 4 files in 24.170114994049s
multi_clidtop5 received 4 files in 21.540361166s
multi_clidtop5 received 4 files in 23.432931900024s
multi_clidtop5 received 4 files in 23.286867856979s
multi_clidtop5| Files transfered: 20	 Total time taken: 111.04819178581
Higher time taken: 24.170114994049	 Average time taken: 5.5524095892906
multi_clidtop2 received 4 files in 19.192242860794s
multi_clidtop2 received 4 files in 24.056721925735s
multi_clidtop2 received 4 files in 21.567120075226s
multi_clidtop2 received 4 files in 23.741641998291s
multi_clidtop2 received 4 files in 23.152172088623s
multi_clidtop2| Files transfered: 20	 Total time taken: 111.70989894867
Higher time taken: 24.056721925735	 Average time taken: 5.5854949474335
multi_clidtop1 received 4 files in 19.737909078598s
multi_clidtop1 received 4 files in 23.962676048279s
multi_clidtop1 received 4 files in 21.62354016304s
multi_clidtop1 received 4 files in 24.057615995407s
multi_clidtop1 received 4 files in 22.882313013077s
multi_clidtop1| Files transfered: 20	 Total time taken: 112.2640542984
Higher time taken: 24.057615995407	 Average time taken: 5.61320271492
multi_clinetb1 received 4 files in 20.102216959s
multi_clinetb1 received 4 files in 23.912213802338s
multi_clinetb1 received 4 files in 21.605501174927s
multi_clinetb1 received 4 files in 24.039738178253s
multi_clinetb1 received 4 files in 22.910015106201s
multi_clinetb1| Files transfered: 20	 Total time taken: 112.56968522072
Higher time taken: 24.039738178253	 Average time taken: 5.6284842610359
multi_clinetb3 received 4 files in 20.580476999283s
multi_clinetb3 received 4 files in 23.877192974091s
multi_clinetb3 received 4 files in 21.613579034805s
multi_clinetb3 received 4 files in 24.051647186279s
multi_clinetb3 received 4 files in 22.964643955231s
multi_clinetb3| Files transfered: 20	 Total time taken: 113.08754014969
Higher time taken: 24.051647186279	 Average time taken: 5.6543770074844
multi_clinetb2 received 4 files in 21.061272144318s
multi_clinetb2 received 4 files in 23.858006000519s
multi_clinetb2 received 4 files in 21.644674062729s
multi_clinetb2 received 4 files in 24.032336950302s
multi_clinetb2 received 4 files in 23.044803142548s
multi_clinetb2| Files transfered: 20	 Total time taken: 113.64109230042
Higher time taken: 24.032336950302	 Average time taken: 5.6820546150208
multi_clinetb4 received 4 files in 21.565698862076s
multi_clinetb4 received 4 files in 23.79521894455s
multi_clinetb4 received 4 files in 21.684348106384s
multi_clinetb4 received 4 files in 24.042127847672s
multi_clinetb4 received 4 files in 23.040576934814s
multi_clinetb4| Files transfered: 20	 Total time taken: 114.1279706955
Higher time taken: 24.042127847672	 Average time taken: 5.7063985347748
multi_clinetb5 received 4 files in 22.059600114822s
multi_clinetb5 received 4 files in 23.759184122086s
multi_clinetb5 received 4 files in 21.699275970459s
multi_clinetb5 received 4 files in 24.186600923538s
multi_clinetb5 received 4 files in 22.924448013306s
multi_clinetb5| Files transfered: 20	 Total time taken: 114.62910914421
Higher time taken: 24.186600923538	 Average time taken: 5.7314554572105
