 ! Error - File not received. timeout
 ! Error - File not received. closed
 ! Error - File not received. closed
 ! Error - File not received. closed
multi_climc1 received 4 files in 66.312791109085s
 ! Error - File not received. closed
 ! Error - File not received. closed
 ! Error - File not received. closed
 ! Error - File not received. closed
multi_climc1 received 4 files in 12.050926923752s
 ! Error - File not received. closed
 ! Error - File not received. closed
 ! Error - File not received. closed
 ! Error - File not received. closed
multi_climc1 received 4 files in 12.062279939651s
 ! Error - File not received. closed
 ! Error - File not received. closed
 ! Error - File not received. closed
 ! Error - File not received. closed
multi_climc1 received 4 files in 12.07586479187s
 ! Error - File not received. closed
 ! Error - File not received. closed
 ! Error - File not received. closed
 ! Error - File not received. closed
multi_climc1 received 4 files in 12.075649023056s
multi_climc1| Files transfered: 20	 Total time taken: 114.57751178741
Higher time taken: 66.312791109085	 Average time taken: 5.7288755893707
 ! Error - File not received. timeout
 ! Error - File not received. closed
 ! Error - File not received. closed
 ! Error - File not received. closed
multi_climc4 received 4 files in 66.315188169479s
 ! Error - File not received. closed
 ! Error - File not received. closed
 ! Error - File not received. closed
 ! Error - File not received. closed
multi_climc4 received 4 files in 12.051264047623s
 ! Error - File not received. closed
 ! Error - File not received. closed
 ! Error - File not received. closed
 ! Error - File not received. closed
multi_climc4 received 4 files in 12.05911397934s
 ! Error - File not received. closed
 ! Error - File not received. closed
 ! Error - File not received. closed
 ! Error - File not received. closed
multi_climc4 received 4 files in 12.076686859131s
 ! Error - File not received. closed
 ! Error - File not received. closed
 ! Error - File not received. closed
 ! Error - File not received. closed
multi_climc4 received 4 files in 12.091760873795s
multi_climc4| Files transfered: 20	 Total time taken: 114.59401392937
Higher time taken: 66.315188169479	 Average time taken: 5.7297006964684
 ! Error - File not received. timeout
 ! Error - File not received. timeout
 ! Error - File not received. timeout
 ! Error - File not received. timeout
multi_climc3 received 4 files in 240.26953196526s
 ! Error - File not received. closed
 ! Error - File not received. closed
 ! Error - File not received. closed
 ! Error - File not received. closed
multi_climc3 received 4 files in 31.212135076523s
 ! Error - File not received. closed
 ! Error - File not received. closed
 ! Error - File not received. closed
 ! Error - File not received. closed
multi_climc3 received 4 files in 12.039258956909s
 ! Error - File not received. closed
 ! Error - File not received. closed
 ! Error - File not received. closed
 ! Error - File not received. closed
multi_climc3 received 4 files in 12.057820081711s
 ! Error - File not received. closed
 ! Error - File not received. closed
 ! Error - File not received. closed
 ! Error - File not received. closed
multi_climc3 received 4 files in 12.09790802002s
multi_climc3| Files transfered: 20	 Total time taken: 307.67665410042
Higher time taken: 240.26953196526	 Average time taken: 15.383832705021
 ! Error - File not received. timeout
 ! Error - File not received. timeout
 ! Error - File not received. timeout
 ! Error - File not received. timeout
multi_climc2 received 4 files in 240.26982498169s
 ! Error - File not received. timeout
 ! Error - File not received. closed
 ! Error - File not received. closed
 ! Error - File not received. closed
multi_climc2 received 4 files in 76.489238977432s
 ! Error - File not received. closed
 ! Error - File not received. closed
 ! Error - File not received. closed
 ! Error - File not received. closed
multi_climc2 received 4 files in 12.091686964035s
 ! Error - File not received. closed
 ! Error - File not received. closed
 ! Error - File not received. closed
 ! Error - File not received. closed
multi_climc2 received 4 files in 12.056098937988s
 ! Error - File not received. closed
 ! Error - File not received. closed
 ! Error - File not received. closed
 ! Error - File not received. closed
multi_climc2 received 4 files in 12.034620046616s
multi_climc2| Files transfered: 20	 Total time taken: 352.94146990776
Higher time taken: 240.26982498169	 Average time taken: 17.647073495388
 ! Error - File not received. timeout
 ! Error - File not received. timeout
 ! Error - File not received. timeout
 ! Error - File not received. timeout
multi_climc5 received 4 files in 240.27284789085s
 ! Error - File not received. closed
 ! Error - File not received. closed
 ! Error - File not received. closed
 ! Error - File not received. closed
multi_climc5 received 4 files in 31.214863061905s
 ! Error - File not received. closed
 ! Error - File not received. closed
 ! Error - File not received. timeout
 ! Error - File not received. closed
multi_climc5 received 4 files in 66.402323961258s
 ! Error - File not received. closed
 ! Error - File not received. closed
 ! Error - File not received. closed
 ! Error - File not received. closed
multi_climc5 received 4 files in 12.0423579216s
 ! Error - File not received. closed
 ! Error - File not received. closed
 ! Error - File not received. closed
 ! Error - File not received. closed
multi_climc5 received 4 files in 12.053292036057s
multi_climc5| Files transfered: 20	 Total time taken: 361.98568487167
Higher time taken: 240.27284789085	 Average time taken: 18.099284243584
