 ! Error - File not received. closed
 ! Error - File not received. closed
 ! Error - File not received. closed
 ! Error - File not received. closed
multi_climc5 received 4 files in 18.040580034256s
 ! Error - File not received. closed
 ! Error - File not received. closed
 ! Error - File not received. closed
 ! Error - File not received. closed
multi_climc5 received 4 files in 12.05871295929s
 ! Error - File not received. closed
 ! Error - File not received. closed
 ! Error - File not received. closed
 ! Error - File not received. closed
multi_climc5 received 4 files in 12.077010154724s
 ! Error - File not received. closed
 ! Error - File not received. closed
 ! Error - File not received. closed
 ! Error - File not received. closed
multi_climc5 received 4 files in 12.046887159348s
 ! Error - File not received. closed
 ! Error - File not received. closed
 ! Error - File not received. closed
 ! Error - File not received. closed
multi_climc5 received 4 files in 12.056856870651s
multi_climc5| Files transfered: 20	 Total time taken: 66.280047178268
Higher time taken: 18.040580034256	 Average time taken: 3.3140023589134
 ! Error - File not received. closed
 ! Error - File not received. closed
 ! Error - File not received. closed
 ! Error - File not received. closed
multi_climc8 received 4 files in 18.062943935394s
 ! Error - File not received. closed
 ! Error - File not received. closed
 ! Error - File not received. closed
 ! Error - File not received. closed
multi_climc8 received 4 files in 12.05918097496s
 ! Error - File not received. closed
 ! Error - File not received. closed
 ! Error - File not received. closed
 ! Error - File not received. closed
multi_climc8 received 4 files in 12.07989692688s
 ! Error - File not received. closed
 ! Error - File not received. closed
 ! Error - File not received. closed
 ! Error - File not received. closed
multi_climc8 received 4 files in 12.046103954315s
 ! Error - File not received. closed
 ! Error - File not received. closed
 ! Error - File not received. closed
 ! Error - File not received. closed
multi_climc8 received 4 files in 12.083792924881s
multi_climc8| Files transfered: 20	 Total time taken: 66.331918716431
Higher time taken: 18.062943935394	 Average time taken: 3.3165959358215
 ! Error - File not received. closed
 ! Error - File not received. No route to host
 ! Error - File not received. closed
 ! Error - File not received. closed
multi_climc4 received 4 files in 60.250060081482s
 ! Error - File not received. closed
 ! Error - File not received. closed
 ! Error - File not received. closed
 ! Error - File not received. closed
multi_climc4 received 4 files in 12.069696903229s
 ! Error - File not received. closed
 ! Error - File not received. closed
 ! Error - File not received. closed
 ! Error - File not received. closed
multi_climc4 received 4 files in 12.057292222977s
 ! Error - File not received. closed
 ! Error - File not received. closed
 ! Error - File not received. closed
 ! Error - File not received. closed
multi_climc4 received 4 files in 12.035878896713s
 ! Error - File not received. closed
 ! Error - File not received. closed
 ! Error - File not received. closed
 ! Error - File not received. closed
multi_climc4 received 4 files in 12.061331987381s
multi_climc4| Files transfered: 20	 Total time taken: 108.47426009178
Higher time taken: 60.250060081482	 Average time taken: 5.4237130045891
 ! Error - File not received. closed
 ! Error - File not received. closed
 ! Error - File not received. closed
 ! Error - File not received. closed
multi_climc7 received 4 files in 12.054547071457s
 ! Error - File not received. closed
 ! Error - File not received. closed
 ! Error - File not received. closed
 ! Error - File not received. closed
multi_climc7 received 4 files in 12.047497987747s
 ! Error - File not received. closed
 ! Error - File not received. closed
 ! Error - File not received. closed
 ! Error - File not received. closed
multi_climc7 received 4 files in 12.057070970535s
 ! Error - File not received. closed
 ! Error - File not received. closed
 ! Error - File not received. closed
 ! Error - File not received. closed
multi_climc7 received 4 files in 12.068363904953s
 ! Error - File not received. closed
 ! Error - File not received. timeout
 ! Error - File not received. closed
 ! Error - File not received. closed
multi_climc7 received 4 files in 66.300966024399s
multi_climc7| Files transfered: 20	 Total time taken: 114.52844595909
Higher time taken: 66.300966024399	 Average time taken: 5.7264222979546
 ! Error - File not received. closed
 ! Error - File not received. closed
 ! Error - File not received. timeout
 ! Error - File not received. closed
multi_climc6 received 4 files in 69.331874132156s
 ! Error - File not received. closed
 ! Error - File not received. closed
 ! Error - File not received. closed
 ! Error - File not received. closed
multi_climc6 received 4 files in 12.066440105438s
 ! Error - File not received. closed
 ! Error - File not received. closed
 ! Error - File not received. closed
 ! Error - File not received. closed
multi_climc6 received 4 files in 12.036684989929s
 ! Error - File not received. closed
 ! Error - File not received. closed
 ! Error - File not received. closed
 ! Error - File not received. closed
multi_climc6 received 4 files in 12.056449174881s
 ! Error - File not received. closed
 ! Error - File not received. closed
 ! Error - File not received. closed
 ! Error - File not received. closed
multi_climc6 received 4 files in 12.050336837769s
multi_climc6| Files transfered: 20	 Total time taken: 117.54178524017
Higher time taken: 69.331874132156	 Average time taken: 5.8770892620087
 ! Error - File not received. timeout
 ! Error - File not received. timeout
 ! Error - File not received. closed
 ! Error - File not received. closed
multi_climc9 received 4 files in 144.66169905663s
 ! Error - File not received. closed
 ! Error - File not received. closed
 ! Error - File not received. closed
 ! Error - File not received. closed
multi_climc9 received 4 files in 12.056991100311s
 ! Error - File not received. closed
 ! Error - File not received. closed
 ! Error - File not received. closed
 ! Error - File not received. closed
multi_climc9 received 4 files in 12.046840906143s
 ! Error - File not received. closed
 ! Error - File not received. closed
 ! Error - File not received. closed
 ! Error - File not received. closed
multi_climc9 received 4 files in 12.048076868057s
 ! Error - File not received. closed
 ! Error - File not received. closed
 ! Error - File not received. closed
 ! Error - File not received. closed
multi_climc9 received 4 files in 12.037425994873s
multi_climc9| Files transfered: 20	 Total time taken: 192.85103392601
Higher time taken: 144.66169905663	 Average time taken: 9.6425516963005
 ! Error - File not received. timeout
 ! Error - File not received. timeout
 ! Error - File not received. closed
 ! Error - File not received. closed
multi_climc10 received 4 files in 144.65622091293s
 ! Error - File not received. closed
 ! Error - File not received. closed
 ! Error - File not received. closed
 ! Error - File not received. closed
multi_climc10 received 4 files in 12.057964086533s
 ! Error - File not received. closed
 ! Error - File not received. closed
 ! Error - File not received. closed
 ! Error - File not received. closed
multi_climc10 received 4 files in 12.043518066406s
 ! Error - File not received. closed
 ! Error - File not received. closed
 ! Error - File not received. closed
 ! Error - File not received. closed
multi_climc10 received 4 files in 12.050977945328s
 ! Error - File not received. closed
 ! Error - File not received. closed
 ! Error - File not received. closed
 ! Error - File not received. closed
multi_climc10 received 4 files in 12.048500061035s
multi_climc10| Files transfered: 20	 Total time taken: 192.85718107224
Higher time taken: 144.65622091293	 Average time taken: 9.6428590536118
 ! Error - File not received. timeout
 ! Error - File not received. timeout
 ! Error - File not received. closed
 ! Error - File not received. closed
multi_climc2 received 4 files in 144.64876008034s
 ! Error - File not received. closed
 ! Error - File not received. closed
 ! Error - File not received. closed
 ! Error - File not received. closed
multi_climc2 received 4 files in 12.058129072189s
 ! Error - File not received. closed
 ! Error - File not received. closed
 ! Error - File not received. closed
 ! Error - File not received. closed
multi_climc2 received 4 files in 12.0446600914s
 ! Error - File not received. closed
 ! Error - File not received. closed
 ! Error - File not received. closed
 ! Error - File not received. closed
multi_climc2 received 4 files in 12.050667047501s
 ! Error - File not received. closed
 ! Error - File not received. closed
 ! Error - File not received. closed
 ! Error - File not received. closed
multi_climc2 received 4 files in 18.069838047028s
multi_climc2| Files transfered: 20	 Total time taken: 198.87205433846
Higher time taken: 144.64876008034	 Average time taken: 9.9436027169228
 ! Error - File not received. timeout
 ! Error - File not received. timeout
 ! Error - File not received. closed
 ! Error - File not received. closed
multi_climc3 received 4 files in 123.57663416862s
 ! Error - File not received. closed
 ! Error - File not received. closed
 ! Error - File not received. closed
 ! Error - File not received. closed
multi_climc3 received 4 files in 12.045538902283s
 ! Error - File not received. closed
 ! Error - File not received. timeout
 ! Error - File not received. closed
 ! Error - File not received. closed
multi_climc3 received 4 files in 66.268623113632s
 ! Error - File not received. closed
 ! Error - File not received. closed
 ! Error - File not received. closed
 ! Error - File not received. closed
multi_climc3 received 4 files in 12.055480957031s
 ! Error - File not received. closed
 ! Error - File not received. closed
 ! Error - File not received. closed
 ! Error - File not received. closed
multi_climc3 received 4 files in 12.050249814987s
multi_climc3| Files transfered: 20	 Total time taken: 225.99652695656
Higher time taken: 123.57663416862	 Average time taken: 11.299826347828
 ! Error - File not  ! Error - File not received. closed
 ! Error - File not received. closed
 ! Error - File not received. timeout
 ! Error - File not received. timeout
multi_climc8 received 4 files in 126.13574314117s
 ! Error - File not received. timeout
 ! Error - File not received. timeout
 ! Error - File not received. timeout
 ! Error - File not received. closed
multi_climc8 received 4 files in 180.18484807014s
 ! Error - File not received. closed
 ! Error - File not received. closed
 ! Error - File not received. closed
 ! Error - File not received. closed
multi_climc8 received 4 files in 12.036818981171s
 ! Error - File not received. closed
 ! Error - File not received. timeout
 ! Error - File not received. timeout
 ! Error - File not received. timeout
multi_climc8 received 4 files in 183.18872904778s
 ! Error - File not received. timeout
 ! Error - File not received. timeout
 ! Error - File not received. timeout
 ! Error - File not received. timeout
multi_climc8 received 4 files in 240.31164193153s
multi_climc8| Files transfered: 20	 Total time taken: 741.8577811718
Higher time taken: 240.31164193153	 Average time taken: 37.09288905859
