-- Initial parameters --
-- End of Initial parameters --
-- Initial parameters --
-- End of Initial parameters --
[1270742600.9489] multi_clinetb3: Starting connection.
[1270742603.9468] multi_clinetb3: Connection stabilished. (elapsed time: 2.9979448318481)
[1270742603.947] multi_clinetb3: Starting file receival.
[1270742768.1349] multi_clinetb3: File receival complete. (elapsed time: 164.18787097931)
[1270742768.1349] multi_clinetb3: Total time taken by client. (elapsed time: 167.18596386909)
[1270742768.1352] multi_clinetb3: Starting connection.
[1270742768.2] multi_clinetb3: Connection stabilished. (elapsed time: 0.064855098724365)
[1270742768.2118] multi_clinetb3: Starting file receival.
[1270742993.0571] multi_clinetb3: File receival complete. (elapsed time: 224.84527897835)
[1270742993.0571] multi_clinetb3: Total time taken by client. (elapsed time: 224.92192697525)
[1270742993.0575] multi_clinetb3: Starting connection.
[1270742993.1295] multi_clinetb3: Connection stabilished. (elapsed time: 0.072020053863525)
[1270742993.1477] multi_clinetb3: Starting file receival.
[1270743264.9124] multi_clinetb3: File receival complete. (elapsed time: 271.76471805573)
[1270743264.9124] multi_clinetb3: Total time taken by client. (elapsed time: 271.85491394997)
[1270743264.9127] multi_clinetb3: Starting connection.
[1270743264.9969] multi_clinetb3: Connection stabilished. (elapsed time: 0.084244012832642)
[1270743265.0195] multi_clinetb3: Starting file receival.
[1270743532.6772] multi_clinetb3: File receival complete. (elapsed time: 267.65764784813)
[1270743532.6772] multi_clinetb3: Total time taken by client. (elapsed time: 267.76449990273)
multi_clinetb3 received 4 files in 931.72874307632s
[1270743532.7327] multi_clinetb3: Starting connection.
[1270743532.7804] multi_clinetb3: Connection stabilished. (elapsed time: 0.047733068466187)
[1270743532.7805] multi_clinetb3: Starting file receival.
[1270743801.5862] multi_clinetb3: File receival complete. (elapsed time: 268.80571699142)
[1270743801.5862] multi_clinetb3: Total time taken by client. (elapsed time: 268.85350704193)
[1270743801.5867] multi_clinetb3: Starting connection.
[1270743801.6776] multi_clinetb3: Connection stabilished. (elapsed time: 0.090923070907593)
[1270743801.7015] multi_clinetb3: Starting file receival.
[1270744005.0615] multi_clinetb3: File receival complete. (elapsed time: 203.35998487473)
[1270744005.0615] multi_clinetb3: Total time taken by client. (elapsed time: 203.47482895851)
[1270744005.0617] multi_clinetb3: Starting connection.
[1270744008.1618] multi_clinetb3: Connection stabilished. (elapsed time: 3.1000900268555)
[1270744008.1881] multi_clinetb3: Starting file receival.
[1270744283.2565] multi_clinetb3: File receival complete. (elapsed time: 275.06836295128)
[1270744283.2565] multi_clinetb3: Total time taken by client. (elapsed time: 278.19473409653)
[1270744283.2567] multi_clinetb3: Starting connection.
[1270744283.3475] multi_clinetb3: Connection stabilished. (elapsed time: 0.09077000617981)
[1270744283.3595] multi_clinetb3: Starting file receival.
[1270744480.9935] multi_clinetb3: File receival complete. (elapsed time: 197.63399410248)
[1270744480.9935] multi_clinetb3: Total time taken by client. (elapsed time: 197.73677611351)
multi_clinetb3 received 4 files in 948.30243110657s
[1270744481.0527] multi_clinetb3: Starting connection.
[1270744481.0973] multi_clinetb3: Connection stabilished. (elapsed time: 0.044615983963013)
[1270744481.0973] multi_clinetb3: Starting file receival.
[1270744709.2538] multi_clinetb3: File receival complete. (elapsed time: 228.15641999245)
[1270744709.2538] multi_clinetb3: Total time taken by client. (elapsed time: 228.20110201836)
[1270744709.2544] multi_clinetb3: Starting connection.
[1270744709.3409] multi_clinetb3: Connection stabilished. (elapsed time: 0.08652400970459)
[1270744709.3576] multi_clinetb3: Starting file receival.
[1270744926.1232] multi_clinetb3: File receival complete. (elapsed time: 216.76560902596)
[1270744926.1232] multi_clinetb3: Total time taken by client. (elapsed time: 216.86875391006)
[1270744926.1237] multi_clinetb3: Starting connection.
-- Initial parameters --
-- End of Initial parameters --
[1270742600.9479] multi_clinetb1: Starting connection.
[1270742603.9467] multi_clinetb1: Connection stabilished. (elapsed time: 2.9988269805908)
[1270742603.9469] multi_clinetb1: Starting file receival.
[1270742850.027] multi_clinetb1: File receival complete. (elapsed time: 246.0800909996)
[1270742850.027] multi_clinetb1: Total time taken by client. (elapsed time: 249.07907795906)
[1270742850.0273] multi_clinetb1: Starting connection.
[1270742850.0913] multi_clinetb1: Connection stabilished. (elapsed time: 0.064033985137939)
[1270742850.1081] multi_clinetb1: Starting file receival.
[1270743137.1142] multi_clinetb1: File receival complete. (elapsed time: 287.00611901283)
[1270743137.1142] multi_clinetb1: Total time taken by client. (elapsed time: 287.08689284325)
[1270743137.1144] multi_clinetb1: Starting connection.
[1270743140.2009] multi_clinetb1: Connection stabilished. (elapsed time: 3.0865077972412)
[1270743140.2308] multi_clinetb1: Starting file receival.
[1270743349.9428] multi_clinetb1: File receival complete. (elapsed time: 209.71203398705)
[1270743349.9428] multi_clinetb1: Total time taken by client. (elapsed time: 212.82844591141)
[1270743349.9431] multi_clinetb1: Starting connection.
[1270743350.0404] multi_clinetb1: Connection stabilished. (elapsed time: 0.097265958786011)
[1270743350.056] multi_clinetb1: Starting file receival.
[1270743599.4306] multi_clinetb1: File receival complete. (elapsed time: 249.37462210655)
[1270743599.4306] multi_clinetb1: Total time taken by client. (elapsed time: 249.48748207092)
multi_clinetb1 received 4 files in 998.48305797577s
[1270743599.4781] multi_clinetb1: Starting connection.
[1270743599.5224] multi_clinetb1: Connection stabilished. (elapsed time: 0.044263124465942)
[1270743599.5225] multi_clinetb1: Starting file receival.
[1270743805.701] multi_clinetb1: File receival complete. (elapsed time: 206.17850899696)
[1270743805.701] multi_clinetb1: Total time taken by client. (elapsed time: 206.2228910923)
[1270743805.7015] multi_clinetb1: Starting connection.
[1270743808.7907] multi_clinetb1: Connection stabilished. (elapsed time: 3.0892288684845)
[1270743808.8036] multi_clinetb1: Starting file receival.
[1270744066.6527] multi_clinetb1: File receival complete. (elapsed time: 257.8491089344)
[1270744066.6527] multi_clinetb1: Total time taken by client. (elapsed time: 260.95122480392)
[1270744066.6531] multi_clinetb1: Starting connection.
[1270744066.7259] multi_clinetb1: Connection stabilished. (elapsed time: 0.072774171829224)
[1270744066.7384] multi_clinetb1: Starting file receival.
[1270744325.1542] multi_clinetb1: File receival complete. (elapsed time: 258.4157230854)
[1270744325.1542] multi_clinetb1: Total time taken by client. (elapsed time: 258.50109314919)
[1270744325.1546] multi_clinetb1: Starting connection.
[1270744325.2469] multi_clinetb1: Connection stabilished. (elapsed time: 0.092278957366943)
[1270744325.2801] multi_clinetb1: Starting file receival.
[1270744499.7247] multi_clinetb1: File receival complete. (elapsed time: 174.44465303421)
[1270744499.7247] multi_clinetb1: Total time taken by client. (elapsed time: 174.57009792328)
multi_clinetb1 received 4 files in 900.28292918205s
[1270744499.7819] multi_clinetb1: Starting connection.
[1270744502.8342] multi_clinetb1: Connection stabilished. (elapsed time: 3.0523219108582)
[1270744502.8343] multi_clinetb1: Starting file receival.
[1270744668.1036] multi_clinetb1: File receival complete. (elapsed time: 165.26933598518)
[1270744668.1036] multi_clinetb1: Total time taken by client. (elapsed time: 168.32173299789)
[1270744668.1039] multi_clinetb1: Starting connection.
[1270744671.1753] multi_clinetb1: Connection stabilished. (elapsed time: 3.0714018344879)
[1270744671.1876] multi_clinetb1: Starting file receival.
[1270744927.1046] multi_clinetb1: File receival complete. (elapsed time: 255.91693496704)
[1270744927.1046] multi_clinetb1: Total time taken by client. (elapsed time: 259.00066995621)
[1270744927.1048] multi_clinetb1: Starting connection.
[12707449-- Initial parameters --
-- End of Initial parameters --
[1270742600.9509] multi_clinetb4: Starting connection.
[1270742600.9548] multi_clinetb4: Connection stabilished. (elapsed time: 0.0038590431213379)
[1270742600.9549] multi_clinetb4: Starting file receival.
[1270743055.6455] multi_clinetb4: File receival complete. (elapsed time: 454.69061088562)
[1270743055.6455] multi_clinetb4: Total time taken by client. (elapsed time: 454.69456887245)
[1270743055.6457] multi_clinetb4: Starting connection.
[1270743055.7143] multi_clinetb4: Connection stabilished. (elapsed time: 0.068557977676392)
[1270743055.7266] multi_clinetb4: Starting file receival.
[1270743325.4244] multi_clinetb4: File receival complete. (elapsed time: 269.69784808159)
[1270743325.4244] multi_clinetb4: Total time taken by client. (elapsed time: 269.77867603302)
[1270743325.4252] multi_clinetb4: Starting connection.
[1270743325.5207] multi_clinetb4: Connection stabilished. (elapsed time: 0.095499038696289)
[1270743325.539] multi_clinetb4: Starting file receival.
[1270743555.9466] multi_clinetb4: File receival complete. (elapsed time: 230.40769290924)
[1270743555.9466] multi_clinetb4: Total time taken by client. (elapsed time: 230.52148509026)
[1270743555.9469] multi_clinetb4: Starting connection.
[1270743556.1065] multi_clinetb4: Connection stabilished. (elapsed time: 0.15961098670959)
[1270743556.1176] multi_clinetb4: Starting file receival.
[1270743724.7549] multi_clinetb4: File receival complete. (elapsed time: 168.6373360157)
[1270743724.7549] multi_clinetb4: Total time taken by client. (elapsed time: 168.80803894997)
multi_clinetb4 received 4 files in 1123.8045611382s
[1270743724.8188] multi_clinetb4: Starting connection.
[1270743724.8566] multi_clinetb4: Connection stabilished. (elapsed time: 0.037851095199585)
[1270743724.8567] multi_clinetb4: Starting file receival.
[1270743957.786] multi_clinetb4: File receival complete. (elapsed time: 232.92927289009)
[1270743957.786] multi_clinetb4: Total time taken by client. (elapsed time: 232.9671959877)
[1270743957.7862] multi_clinetb4: Starting connection.
[1270743957.8566] multi_clinetb4: Connection stabilished. (elapsed time: 0.070391893386841)
[1270743957.8679] multi_clinetb4: Starting file receival.
[1270744233.8127] multi_clinetb4: File receival complete. (elapsed time: 275.94480514526)
[1270744233.8127] multi_clinetb4: Total time taken by client. (elapsed time: 276.02648496628)
[1270744233.8137] multi_clinetb4: Starting connection.
[1270744236.9064] multi_clinetb4: Connection stabilished. (elapsed time: 3.0927391052246)
[1270744236.9305] multi_clinetb4: Starting file receival.
[1270744512.7161] multi_clinetb4: File receival complete. (elapsed time: 275.78561401367)
[1270744512.7161] multi_clinetb4: Total time taken by client. (elapsed time: 278.90246915817)
[1270744512.7168] multi_clinetb4: Starting connection.
[1270744512.807] multi_clinetb4: Connection stabilished. (elapsed time: 0.090203046798706)
[1270744512.8234] multi_clinetb4: Starting file receival.
[1270744674.0449] multi_clinetb4: File receival complete. (elapsed time: 161.22152686119)
[1270744674.0449] multi_clinetb4: Total time taken by client. (elapsed time: 161.32812094688)
multi_clinetb4 received 4 files in 949.27536416054s
[1270744674.0909] multi_clinetb4: Starting connection.
[1270744674.1216] multi_clinetb4: Connection stabilished. (elapsed time: 0.030683994293213)
[1270744674.1217] multi_clinetb4: Starting file receival.
[1270744837.191] multi_clinetb4: File receival complete. (elapsed time: 163.06931090355)
[1270744837.191] multi_clinetb4: Total time taken by client. (elapsed time: 163.10006403923)
[1270744837.1917] multi_clinetb4: Starting connection.
[1270744840.2889] multi_clinetb4: Connection stabilished. (elapsed time: 3.0971570014954)
[1270744840.3122] multi_clinetb4: Starting file receival.
[1270745031.5139] multi_clinetb4: File receival complete. (elapsed time: 191.20168995857)
[1270745031.5139] multi_clinetb4: Total time taken by client. (elapsed time: 194.32219314575)
[1270745031.5142] multi_clinetb4: Starting connection.
[1-- Initial parameters --
-- End of Initial parameters --
[1270742600.9499] multi_clinetb2: Starting connection.
[1270742600.9548] multi_clinetb2: Connection stabilished. (elapsed time: 0.0049278736114502)
[1270742600.9549] multi_clinetb2: Starting file receival.
[1270742832.1645] multi_clinetb2: File receival complete. (elapsed time: 231.20960497856)
[1270742832.1645] multi_clinetb2: Total time taken by client. (elapsed time: 231.21464896202)
[1270742832.1648] multi_clinetb2: Starting connection.
[1270742832.2332] multi_clinetb2: Connection stabilished. (elapsed time: 0.068475008010864)
[1270742832.2487] multi_clinetb2: Starting file receival.
[1270743030.6143] multi_clinetb2: File receival complete. (elapsed time: 198.3656539917)
[1270743030.6143] multi_clinetb2: Total time taken by client. (elapsed time: 198.44957995415)
[1270743030.6148] multi_clinetb2: Starting connection.
[1270743030.6934] multi_clinetb2: Connection stabilished. (elapsed time: 0.078557968139648)
[1270743030.7031] multi_clinetb2: Starting file receival.
[1270743256.607] multi_clinetb2: File receival complete. (elapsed time: 225.90390706062)
[1270743256.607] multi_clinetb2: Total time taken by client. (elapsed time: 225.99216508865)
[1270743256.6076] multi_clinetb2: Starting connection.
[1270743256.6994] multi_clinetb2: Connection stabilished. (elapsed time: 0.091753005981445)
[1270743256.7222] multi_clinetb2: Starting file receival.
[1270743567.485] multi_clinetb2: File receival complete. (elapsed time: 310.76275706291)
[1270743567.485] multi_clinetb2: Total time taken by client. (elapsed time: 310.87738013268)
multi_clinetb2 received 4 files in 966.53550410271s
[1270743567.5345] multi_clinetb2: Starting connection.
[1270743567.609] multi_clinetb2: Connection stabilished. (elapsed time: 0.074514150619507)
[1270743567.6091] multi_clinetb2: Starting file receival.
[1270743953.4473] multi_clinetb2: File receival complete. (elapsed time: 385.83819293976)
[1270743953.4473] multi_clinetb2: Total time taken by client. (elapsed time: 385.91282510757)
[1270743953.4478] multi_clinetb2: Starting connection.
[1270743953.5215] multi_clinetb2: Connection stabilished. (elapsed time: 0.073692083358765)
[1270743953.546] multi_clinetb2: Starting file receival.
[1270744154.0506] multi_clinetb2: File receival complete. (elapsed time: 200.50457501411)
[1270744154.0506] multi_clinetb2: Total time taken by client. (elapsed time: 200.60282206535)
[1270744154.0508] multi_clinetb2: Starting connection.
[1270744154.1261] multi_clinetb2: Connection stabilished. (elapsed time: 0.075230121612549)
[1270744154.1412] multi_clinetb2: Starting file receival.
[1270744396.4567] multi_clinetb2: File receival complete. (elapsed time: 242.31542396545)
[1270744396.4567] multi_clinetb2: Total time taken by client. (elapsed time: 242.4058380127)
[1270744396.4569] multi_clinetb2: Starting connection.
[1270744399.5329] multi_clinetb2: Connection stabilished. (elapsed time: 3.075982093811)
[1270744399.5496] multi_clinetb2: Starting file receival.
[1270744609.1672] multi_clinetb2: File receival complete. (elapsed time: 209.61759495735)
[1270744609.1672] multi_clinetb2: Total time taken by client. (elapsed time: 212.710283041)
multi_clinetb2 received 4 files in 1041.6707620621s
[1270744609.2117] multi_clinetb2: Starting connection.
[1270744609.2459] multi_clinetb2: Connection stabilished. (elapsed time: 0.034201145172119)
[1270744609.2459] multi_clinetb2: Starting file receival.
[1270744870.6454] multi_clinetb2: File receival complete. (elapsed time: 261.39942097664)
[1270744870.6454] multi_clinetb2: Total time taken by client. (elapsed time: 261.43370103836)
[1270744870.6458] multi_clinetb2: Starting connection.
[1270744870.7403] multi_clinetb2: Connection stabilished. (elapsed time: 0.094435930252075)
[1270744870.7571] multi_clinetb2: Starting file receival.
[1270745137.2679] multi_clinetb2: File receival complete. (elapsed time: 266.51079702377)
[1270745137.2679] multi_clinetb2: Total time taken by client. (elapsed time: 266.62205410004)
[1270745137.2681] multi_clinetb2: Starting connection.
[1-- Initial parameters --
-- End of Initial parameters --
[1270742600.9508] multi_clinetb5: Starting connection.
[1270742600.955] multi_clinetb5: Connection stabilished. (elapsed time: 0.0041399002075195)
[1270742600.9551] multi_clinetb5: Starting file receival.
[1270742774.4932] multi_clinetb5: File receival complete. (elapsed time: 173.53814601898)
[1270742774.4932] multi_clinetb5: Total time taken by client. (elapsed time: 173.54235696793)
[1270742774.4937] multi_clinetb5: Starting connection.
[1270742774.5645] multi_clinetb5: Connection stabilished. (elapsed time: 0.07082200050354)
[1270742774.591] multi_clinetb5: Starting file receival.
[1270743004.0824] multi_clinetb5: File receival complete. (elapsed time: 229.49136304855)
[1270743004.0824] multi_clinetb5: Total time taken by client. (elapsed time: 229.58870816231)
[1270743004.0826] multi_clinetb5: Starting connection.
[1270743004.1639] multi_clinetb5: Connection stabilished. (elapsed time: 0.081254959106445)
[1270743004.1885] multi_clinetb5: Starting file receival.
[1270743272.0408] multi_clinetb5: File receival complete. (elapsed time: 267.8523619175)
[1270743272.0408] multi_clinetb5: Total time taken by client. (elapsed time: 267.9581990242)
[1270743272.0411] multi_clinetb5: Starting connection.
[1270743275.1145] multi_clinetb5: Connection stabilished. (elapsed time: 3.0734009742737)
[1270743275.1377] multi_clinetb5: Starting file receival.
[1270743512.8832] multi_clinetb5: File receival complete. (elapsed time: 237.74546217918)
[1270743512.8832] multi_clinetb5: Total time taken by client. (elapsed time: 240.84206199646)
multi_clinetb5 received 4 files in 911.93287181854s
[1270743512.9422] multi_clinetb5: Starting connection.
[1270743515.9972] multi_clinetb5: Connection stabilished. (elapsed time: 3.0550532341003)
[1270743515.9973] multi_clinetb5: Starting file receival.
[1270743760.8846] multi_clinetb5: File receival complete. (elapsed time: 244.88732004166)
[1270743760.8846] multi_clinetb5: Total time taken by client. (elapsed time: 247.94246315956)
[1270743760.8849] multi_clinetb5: Starting connection.
[1270743760.9976] multi_clinetb5: Connection stabilished. (elapsed time: 0.11272096633911)
[1270743761.0169] multi_clinetb5: Starting file receival.
[1270744046.3908] multi_clinetb5: File receival complete. (elapsed time: 285.37390685081)
[1270744046.3908] multi_clinetb5: Total time taken by client. (elapsed time: 285.50591683388)
[1270744046.3913] multi_clinetb5: Starting connection.
[1270744046.4735] multi_clinetb5: Connection stabilished. (elapsed time: 0.082222938537598)
[1270744046.4945] multi_clinetb5: Starting file receival.
[1270744294.1343] multi_clinetb5: File receival complete. (elapsed time: 247.63979506493)
[1270744294.1343] multi_clinetb5: Total time taken by client. (elapsed time: 247.74305701256)
[1270744294.1346] multi_clinetb5: Starting connection.
[1270744295.4041] multi_clinetb5: Connection stabilished. (elapsed time: 1.2695410251617)
[1270744295.4158] multi_clinetb5: Starting file receival.
[1270744612.0471] multi_clinetb5: File receival complete. (elapsed time: 316.63133192062)
[1270744612.0471] multi_clinetb5: Total time taken by client. (elapsed time: 317.91250300407)
multi_clinetb5 received 4 files in 1099.151558876s
[1270744612.1096] multi_clinetb5: Starting connection.
[1270744621.1548] multi_clinetb5: Connection stabilished. (elapsed time: 9.0451650619507)
[1270744621.1548] multi_clinetb5: Starting file receival.
[1270744869.2339] multi_clinetb5: File receival complete. (elapsed time: 248.07906603813)
[1270744869.2339] multi_clinetb5: Total time taken by client. (elapsed time: 257.1242890358)
[1270744869.2345] multi_clinetb5: Starting connection.
[1270744869.3246] multi_clinetb5: Connection stabilished. (elapsed time: 0.090074062347412)
[1270744869.3424] multi_clinetb5: Starting file receival.
[1270745469.6588] multi_clinetb5: File receival complete. (elapsed time: 600.31636309624)
[1270745469.6588] multi_clinetb5: Total time taken by client. (elapsed time: 600.42426919937)
 ! Error - File not received. timeout
[1270745469.6932] mult27.1893] multi_clinetb1: Connection stabilished. (elapsed time: 0.084477186203003)
[1270744927.2053] multi_clinetb1: Starting file receival.
[1270745111.66] multi_clinetb1: File receival complete. (elapsed time: 184.45463299751)
[1270745111.66] multi_clinetb1: Total time taken by client. (elapsed time: 184.55512905121)
[1270745111.6602] multi_clinetb1: Starting connection.
[1270745111.7594] multi_clinetb1: Connection stabilished. (elapsed time: 0.099260091781616)
[1270745111.7721] multi_clinetb1: Starting file receival.
[1270745225.1977] multi_clinetb1: File receival complete. (elapsed time: 113.42555785179)
[1270745225.1977] multi_clinetb1: Total time taken by client. (elapsed time: 113.53748893738)
multi_clinetb1 received 4 files in 725.45874094963s
[1270745225.2585] multi_clinetb1: Starting connection.
[1270745225.3016] multi_clinetb1: Connection stabilished. (elapsed time: 0.04308295249939)
[1270745225.3017] multi_clinetb1: Starting file receival.
[1270745421.397] multi_clinetb1: File receival complete. (elapsed time: 196.09528207779)
[1270745421.397] multi_clinetb1: Total time taken by client. (elapsed time: 196.13845491409)
[1270745421.3973] multi_clinetb1: Starting connection.
[1270745424.4614] multi_clinetb1: Connection stabilished. (elapsed time: 3.06409907341)
[1270745424.4872] multi_clinetb1: Starting file receival.
[1270745631.6534] multi_clinetb1: File receival complete. (elapsed time: 207.16611599922)
[1270745631.6534] multi_clinetb1: Total time taken by client. (elapsed time: 210.25606012344)
[1270745631.6536] multi_clinetb1: Starting connection.
[1270745631.79] multi_clinetb1: Connection stabilished. (elapsed time: 0.13634991645813)
[1270745631.809] multi_clinetb1: Starting file receival.
[1270745833.2753] multi_clinetb1: File receival complete. (elapsed time: 201.46622109413)
[1270745833.2753] multi_clinetb1: Total time taken by client. (elapsed time: 201.62165999413)
[1270745833.2757] multi_clinetb1: Starting connection.
[1270745833.3546] multi_clinetb1: Connection stabilished. (elapsed time: 0.078925848007202)
[1270745833.3767] multi_clinetb1: Starting file receival.
[1270745955.6428] multi_clinetb1: File receival complete. (elapsed time: 122.26608800888)
[1270745955.6428] multi_clinetb1: Total time taken by client. (elapsed time: 122.3670899868)
multi_clinetb1 received 4 files in 730.43007302284s
[1270745955.7065] multi_clinetb1: Starting connection.
[1270745955.74] multi_clinetb1: Connection stabilished. (elapsed time: 0.03344202041626)
[1270745955.7402] multi_clinetb1: Starting file receival.
[1270746090.261] multi_clinetb1: File receival complete. (elapsed time: 134.5207760334)
[1270746090.261] multi_clinetb1: Total time taken by client. (elapsed time: 134.554459095)
[1270746090.2613] multi_clinetb1: Starting connection.
[1270746090.3344] multi_clinetb1: Connection stabilished. (elapsed time: 0.07314395904541)
[1270746090.3453] multi_clinetb1: Starting file receival.
[1270746209.5104] multi_clinetb1: File receival complete. (elapsed time: 119.16518115997)
[1270746209.5104] multi_clinetb1: Total time taken by client. (elapsed time: 119.24917197227)
[1270746209.5109] multi_clinetb1: Starting connection.
[1270746209.6] multi_clinetb1: Connection stabilished. (elapsed time: 0.089051961898804)
[1270746209.6161] multi_clinetb1: Starting file receival.
[1270746438.0316] multi_clinetb1: File receival complete. (elapsed time: 228.41553616524)
[1270746438.0316] multi_clinetb1: Total time taken by client. (elapsed time: 228.52071905136)
[1270746438.0319] multi_clinetb1: Starting connection.
[1270746438.1264] multi_clinetb1: Connection stabilished. (elapsed time: 0.094521999359131)
[1270746438.1409] multi_clinetb1: Starting file receival.
[1270746568.8658] multi_clinetb1: File receival complete. (elapsed time: 130.72489404678)
[1270746568.8658] multi_clinetb1: Total time taken by client. (elapsed time: 130.83392000198)
multi_clinetb1 received 4 files in 613.2045981884s
multi_clinetb1| Files transfered: 20	 Total time taken: 3967.8593993187
Higher time taken: 998.48305797577	 Average time taken: 198.39296996593
270745137.3512] multi_clinetb2: Connection stabilished. (elapsed time: 0.083079099655151)
[1270745137.3681] multi_clinetb2: Starting file receival.
[1270745242.8878] multi_clinetb2: File receival complete. (elapsed time: 105.51970911026)
[1270745242.8878] multi_clinetb2: Total time taken by client. (elapsed time: 105.61966609955)
[1270745242.8882] multi_clinetb2: Starting connection.
[1270745245.9858] multi_clinetb2: Connection stabilished. (elapsed time: 3.0975840091705)
[1270745246.0089] multi_clinetb2: Starting file receival.
[1270745446.3176] multi_clinetb2: File receival complete. (elapsed time: 200.30873584747)
[1270745446.3176] multi_clinetb2: Total time taken by client. (elapsed time: 203.42937088013)
multi_clinetb2 received 4 files in 837.1391479969s
[1270745446.3761] multi_clinetb2: Starting connection.
[1270745446.4289] multi_clinetb2: Connection stabilished. (elapsed time: 0.052748918533325)
[1270745446.429] multi_clinetb2: Starting file receival.
[1270745579.3181] multi_clinetb2: File receival complete. (elapsed time: 132.88913798332)
[1270745579.3181] multi_clinetb2: Total time taken by client. (elapsed time: 132.94199204445)
[1270745579.3184] multi_clinetb2: Starting connection.
[1270745579.4288] multi_clinetb2: Connection stabilished. (elapsed time: 0.11045002937317)
[1270745579.443] multi_clinetb2: Starting file receival.
[1270745830.1169] multi_clinetb2: File receival complete. (elapsed time: 250.67390704155)
[1270745830.1169] multi_clinetb2: Total time taken by client. (elapsed time: 250.79852485657)
[1270745830.1172] multi_clinetb2: Starting connection.
[1270745830.1861] multi_clinetb2: Connection stabilished. (elapsed time: 0.068940162658691)
[1270745830.1975] multi_clinetb2: Starting file receival.
[1270746000.8426] multi_clinetb2: File receival complete. (elapsed time: 170.64515399933)
[1270746000.8426] multi_clinetb2: Total time taken by client. (elapsed time: 170.72545003891)
[1270746000.8429] multi_clinetb2: Starting connection.
[1270746000.9339] multi_clinetb2: Connection stabilished. (elapsed time: 0.091055870056152)
[1270746000.9521] multi_clinetb2: Starting file receival.
[1270746134.9862] multi_clinetb2: File receival complete. (elapsed time: 134.03408098221)
[1270746134.9862] multi_clinetb2: Total time taken by client. (elapsed time: 134.14327692986)
multi_clinetb2 received 4 files in 688.6535410881s
[1270746135.0519] multi_clinetb2: Starting connection.
[1270746135.096] multi_clinetb2: Connection stabilished. (elapsed time: 0.044052839279175)
[1270746135.096] multi_clinetb2: Starting file receival.
[1270746258.0449] multi_clinetb2: File receival complete. (elapsed time: 122.94886779785)
[1270746258.0449] multi_clinetb2: Total time taken by client. (elapsed time: 122.99299383163)
[1270746258.0452] multi_clinetb2: Starting connection.
[1270746258.1167] multi_clinetb2: Connection stabilished. (elapsed time: 0.071494102478027)
[1270746258.127] multi_clinetb2: Starting file receival.
[1270746353.2153] multi_clinetb2: File receival complete. (elapsed time: 95.088328123093)
[1270746353.2153] multi_clinetb2: Total time taken by client. (elapsed time: 95.170096158981)
[1270746353.2155] multi_clinetb2: Starting connection.
[1270746356.3082] multi_clinetb2: Connection stabilished. (elapsed time: 3.0926609039307)
[1270746356.3261] multi_clinetb2: Starting file receival.
[1270746546.5833] multi_clinetb2: File receival complete. (elapsed time: 190.25714993477)
[1270746546.5833] multi_clinetb2: Total time taken by client. (elapsed time: 193.36775803566)
[1270746546.5838] multi_clinetb2: Starting connection.
[1270746546.6778] multi_clinetb2: Connection stabilished. (elapsed time: 0.093995094299316)
[1270746546.6958] multi_clinetb2: Starting file receival.
[1270746708.3681] multi_clinetb2: File receival complete. (elapsed time: 161.67223906517)
[1270746708.3681] multi_clinetb2: Total time taken by client. (elapsed time: 161.78431606293)
multi_clinetb2 received 4 files in 573.36614894867s
multi_clinetb2| Files transfered: 20	 Total time taken: 4107.3651041985
Higher time taken: 1041.6707620621	 Average time taken: 205.36825520992
[1270744926.221] multi_clinetb3: Connection stabilished. (elapsed time: 0.097362041473389)
[1270744926.2386] multi_clinetb3: Starting file receival.
[1270745073.3797] multi_clinetb3: File receival complete. (elapsed time: 147.1411011219)
[1270745073.3797] multi_clinetb3: Total time taken by client. (elapsed time: 147.2560069561)
[1270745073.3801] multi_clinetb3: Starting connection.
[1270745076.4735] multi_clinetb3: Connection stabilished. (elapsed time: 3.0933380126953)
[1270745076.4933] multi_clinetb3: Starting file receival.
[1270745415.5617] multi_clinetb3: File receival complete. (elapsed time: 339.06838011742)
[1270745415.5617] multi_clinetb3: Total time taken by client. (elapsed time: 342.18152308464)
multi_clinetb3 received 4 files in 934.55507206917s
[1270745415.6213] multi_clinetb3: Starting connection.
[1270745415.6639] multi_clinetb3: Connection stabilished. (elapsed time: 0.042603969573975)
[1270745415.6639] multi_clinetb3: Starting file receival.
[1270745642.8122] multi_clinetb3: File receival complete. (elapsed time: 227.14822483063)
[1270745642.8122] multi_clinetb3: Total time taken by client. (elapsed time: 227.1908929348)
[1270745642.8126] multi_clinetb3: Starting connection.
[1270745642.8917] multi_clinetb3: Connection stabilished. (elapsed time: 0.079070091247559)
[1270745642.9096] multi_clinetb3: Starting file receival.
[1270745794.1776] multi_clinetb3: File receival complete. (elapsed time: 151.26796317101)
[1270745794.1776] multi_clinetb3: Total time taken by client. (elapsed time: 151.36500906944)
[1270745794.1779] multi_clinetb3: Starting connection.
[1270745794.267] multi_clinetb3: Connection stabilished. (elapsed time: 0.089121103286743)
[1270745794.2809] multi_clinetb3: Starting file receival.
[1270746394.5314] multi_clinetb3: File receival complete. (elapsed time: 600.25048995018)
[1270746394.5314] multi_clinetb3: Total time taken by client. (elapsed time: 600.35351800919)
 ! Error - File not received. timeout
[1270746394.556] multi_clinetb3: Starting connection.
[1270746394.5859] multi_clinetb3: Connection stabilished. (elapsed time: 0.029926061630249)
[1270746394.586] multi_clinetb3: Starting file receival.
[1270746539.6734] multi_clinetb3: File receival complete. (elapsed time: 145.08738183975)
[1270746539.6734] multi_clinetb3: Total time taken by client. (elapsed time: 145.11739683151)
multi_clinetb3 received 4 files in 1124.0985398293s
[1270746539.7357] multi_clinetb3: Starting connection.
[1270746539.7746] multi_clinetb3: Connection stabilished. (elapsed time: 0.038941860198975)
[1270746539.7747] multi_clinetb3: Starting file receival.
[1270746642.0142] multi_clinetb3: File receival complete. (elapsed time: 102.23948717117)
[1270746642.0142] multi_clinetb3: Total time taken by client. (elapsed time: 102.27849602699)
[1270746642.0145] multi_clinetb3: Starting connection.
[1270746642.0767] multi_clinetb3: Connection stabilished. (elapsed time: 0.062196969985962)
[1270746642.0876] multi_clinetb3: Starting file receival.
[1270746753.7755] multi_clinetb3: File receival complete. (elapsed time: 111.68786811829)
[1270746753.7755] multi_clinetb3: Total time taken by client. (elapsed time: 111.76102304459)
[1270746753.7758] multi_clinetb3: Starting connection.
[1270746753.8347] multi_clinetb3: Connection stabilished. (elapsed time: 0.058897018432617)
[1270746753.8459] multi_clinetb3: Starting file receival.
[1270746832.0554] multi_clinetb3: File receival complete. (elapsed time: 78.209490060806)
[1270746832.0554] multi_clinetb3: Total time taken by client. (elapsed time: 78.279601097107)
[1270746832.0556] multi_clinetb3: Starting connection.
[1270746832.1378] multi_clinetb3: Connection stabilished. (elapsed time: 0.082208871841431)
[1270746832.1546] multi_clinetb3: Starting file receival.
[1270746920.2013] multi_clinetb3: File receival complete. (elapsed time: 88.046693086624)
[1270746920.2013] multi_clinetb3: Total time taken by client. (elapsed time: 88.145680904388)
multi_clinetb3 received 4 files in 380.51247191429s
multi_clinetb3| Files transfered: 20	 Total time taken: 4319.1972579956
Higher time taken: 1124.0985398293	 Average time taken: 215.95986289978
270745031.6046] multi_clinetb4: Connection stabilished. (elapsed time: 0.090456962585449)
[1270745031.6205] multi_clinetb4: Starting file receival.
[1270745163.391] multi_clinetb4: File receival complete. (elapsed time: 131.77044582367)
[1270745163.391] multi_clinetb4: Total time taken by client. (elapsed time: 131.87681984901)
[1270745163.3915] multi_clinetb4: Starting connection.
[1270745163.4873] multi_clinetb4: Connection stabilished. (elapsed time: 0.095710039138794)
[1270745163.5028] multi_clinetb4: Starting file receival.
[1270745299.8186] multi_clinetb4: File receival complete. (elapsed time: 136.31578493118)
[1270745299.8186] multi_clinetb4: Total time taken by client. (elapsed time: 136.42701792717)
multi_clinetb4 received 4 files in 625.76216411591s
[1270745299.8905] multi_clinetb4: Starting connection.
[1270745299.9479] multi_clinetb4: Connection stabilished. (elapsed time: 0.057413101196289)
[1270745299.948] multi_clinetb4: Starting file receival.
[1270745414.8924] multi_clinetb4: File receival complete. (elapsed time: 114.94446086884)
[1270745414.8924] multi_clinetb4: Total time taken by client. (elapsed time: 115.00196290016)
[1270745414.8927] multi_clinetb4: Starting connection.
[1270745414.962] multi_clinetb4: Connection stabilished. (elapsed time: 0.069221973419189)
[1270745414.9767] multi_clinetb4: Starting file receival.
[1270745725.6147] multi_clinetb4: File receival complete. (elapsed time: 310.63797211647)
[1270745725.6147] multi_clinetb4: Total time taken by client. (elapsed time: 310.72196602821)
[1270745725.6151] multi_clinetb4: Starting connection.
[1270745735.3937] multi_clinetb4: Connection stabilished. (elapsed time: 9.7785089015961)
[1270745735.4078] multi_clinetb4: Starting file receival.
[1270746335.8283] multi_clinetb4: File receival complete. (elapsed time: 600.42052602768)
[1270746335.8283] multi_clinetb4: Total time taken by client. (elapsed time: 610.21314096451)
 ! Error - File not received. timeout
[1270746335.8709] multi_clinetb4: Starting connection.
[1270746338.8993] multi_clinetb4: Connection stabilished. (elapsed time: 3.0284090042114)
[1270746338.8994] multi_clinetb4: Starting file receival.
[1270746488.0665] multi_clinetb4: File receival complete. (elapsed time: 149.16708707809)
[1270746488.0665] multi_clinetb4: Total time taken by client. (elapsed time: 152.19556713104)
multi_clinetb4 received 4 files in 1188.2281150818s
[1270746488.1114] multi_clinetb4: Starting connection.
[1270746488.1419] multi_clinetb4: Connection stabilished. (elapsed time: 0.030497789382935)
[1270746488.142] multi_clinetb4: Starting file receival.
[1270746704.2178] multi_clinetb4: File receival complete. (elapsed time: 216.07585597038)
[1270746704.2178] multi_clinetb4: Total time taken by client. (elapsed time: 216.1064248085)
[1270746704.2181] multi_clinetb4: Starting connection.
[1270746704.3014] multi_clinetb4: Connection stabilished. (elapsed time: 0.083374977111816)
[1270746704.3128] multi_clinetb4: Starting file receival.
[1270746791.4222] multi_clinetb4: File receival complete. (elapsed time: 87.109445095062)
[1270746791.4222] multi_clinetb4: Total time taken by client. (elapsed time: 87.204156160355)
[1270746791.4227] multi_clinetb4: Starting connection.
[1270746791.5168] multi_clinetb4: Connection stabilished. (elapsed time: 0.094127893447876)
[1270746791.5281] multi_clinetb4: Starting file receival.
[1270746876.8984] multi_clinetb4: File receival complete. (elapsed time: 85.370280981064)
[1270746876.8984] multi_clinetb4: Total time taken by client. (elapsed time: 85.475724935532)
[1270746876.8987] multi_clinetb4: Starting connection.
[1270746876.9777] multi_clinetb4: Connection stabilished. (elapsed time: 0.079013109207153)
[1270746876.9924] multi_clinetb4: Starting file receival.
[1270746943.017] multi_clinetb4: File receival complete. (elapsed time: 66.024622917175)
[1270746943.017] multi_clinetb4: Total time taken by client. (elapsed time: 66.118330001831)
multi_clinetb4 received 4 files in 454.93921089172s
multi_clinetb4| Files transfered: 20	 Total time taken: 4342.0094153881
Higher time taken: 1188.2281150818	 Average time taken: 217.10047076941
-- Initial parameters --
-- End of Initial parameters --
-- Initial parameters --
-- End of Initial parameters --
[1270742601.0256] multi_clidtop2: Starting connection.
[1270742601.0284] multi_clidtop2: Connection stabilished. (elapsed time: 0.0028281211853027)
[1270742601.0284] multi_clidtop2: Starting file receival.
[1270742633.2645] multi_clidtop2: File receival complete. (elapsed time: 32.236079931259)
[1270742633.2645] multi_clidtop2: Total time taken by client. (elapsed time: 32.238924026489)
[1270742633.2647] multi_clidtop2: Starting connection.
[1270742633.737] multi_clidtop2: Connection stabilished. (elapsed time: 0.47237396240234)
[1270742633.7432] multi_clidtop2: Starting file receival.
[1270742782.1737] multi_clidtop2: File receival complete. (elapsed time: 148.43048810959)
[1270742782.1737] multi_clidtop2: Total time taken by client. (elapsed time: 148.909044981)
[1270742782.1738] multi_clidtop2: Starting connection.
[1270742782.2155] multi_clidtop2: Connection stabilished. (elapsed time: 0.041683912277222)
[1270742782.2228] multi_clidtop2: Starting file receival.
[1270742847.8351] multi_clidtop2: File receival complete. (elapsed time: 65.612258911133)
[1270742847.8351] multi_clidtop2: Total time taken by client. (elapsed time: 65.661273002625)
[1270742847.8352] multi_clidtop2: Starting connection.
[1270742847.8597] multi_clidtop2: Connection stabilished. (elapsed time: 0.024493932723999)
[1270742847.8657] multi_clidtop2: Starting file receival.
[1270742896.8868] multi_clidtop2: File receival complete. (elapsed time: 49.021079063416)
[1270742896.8868] multi_clidtop2: Total time taken by client. (elapsed time: 49.051543951035)
multi_clidtop2 received 4 files in 295.86133885384s
[1270742896.9113] multi_clidtop2: Starting connection.
[1270742896.9189] multi_clidtop2: Connection stabilished. (elapsed time: 0.0076179504394531)
[1270742896.9189] multi_clidtop2: Starting file receival.
[1270743037.666] multi_clidtop2: File receival complete. (elapsed time: 140.74710083008)
[1270743037.666] multi_clidtop2: Total time taken by client. (elapsed time: 140.75474190712)
[1270743037.6661] multi_clidtop2: Starting connection.
[1270743037.6906] multi_clidtop2: Connection stabilished. (elapsed time: 0.024422168731689)
[1270743037.697] multi_clidtop2: Starting file receival.
[1270743088.4149] multi_clidtop2: File receival complete. (elapsed time: 50.717843055725)
[1270743088.4149] multi_clidtop2: Total time taken by client. (elapsed time: 50.748733043671)
[1270743088.415] multi_clidtop2: Starting connection.
[1270743088.4396] multi_clidtop2: Connection stabilished. (elapsed time: 0.024627208709717)
[1270743088.446] multi_clidtop2: Starting file receival.
[1270743178.2157] multi_clidtop2: File receival complete. (elapsed time: 89.769765853882)
[1270743178.2157] multi_clidtop2: Total time taken by client. (elapsed time: 89.800745010376)
[1270743178.2159] multi_clidtop2: Starting connection.
[1270743178.2407] multi_clidtop2: Connection stabilished. (elapsed time: 0.024848937988281)
[1270743178.2467] multi_clidtop2: Starting file receival.
[1270743297.1909] multi_clidtop2: File receival complete. (elapsed time: 118.94415998459)
[1270743297.1909] multi_clidtop2: Total time taken by client. (elapsed time: 118.97498893738)
multi_clidtop2 received 4 files in 400.29789590836s
[1270743297.2184] multi_clidtop2: Starting connection.
[1270743297.4506] multi_clidtop2: Connection stabilished. (elapsed time: 0.23217511177063)
[1270743297.4506] multi_clidtop2: Starting file receival.
[1270743352.4142] multi_clidtop2: File receival complete. (elapsed time: 54.963563919067)
[1270743352.4142] multi_clidtop2: Total time taken by client. (elapsed time: 55.195785999298)
[1270743352.4143] multi_clidtop2: Starting connection.
[1270743352.4554] multi_clidtop2: Connection stabilished. (elapsed time: 0.041069984436035)
[1270743352.4615] multi_clidtop2: Starting file receival.
[1270743526.4854] multi_clidtop2: File receival complete. (elapsed time: 174.02392411232)
[1270743526.4854] multi_clidtop2: Total time taken by client. (elapsed time: 174.07108092308)
[1270743526.4855] multi_clidtop2: Starting connection-- Initial parameters --
-- End of Initial parameters --
[1270742601.0253] multi_clidtop3: Starting connection.
[1270742601.0284] multi_clidtop3: Connection stabilished. (elapsed time: 0.0030131340026855)
[1270742601.0284] multi_clidtop3: Starting file receival.
[1270742636.4096] multi_clidtop3: File receival complete. (elapsed time: 35.381236076355)
[1270742636.4096] multi_clidtop3: Total time taken by client. (elapsed time: 35.384265184402)
[1270742636.4097] multi_clidtop3: Starting connection.
[1270742636.6239] multi_clidtop3: Connection stabilished. (elapsed time: 0.21412897109985)
[1270742636.6317] multi_clidtop3: Starting file receival.
[1270742793.5656] multi_clidtop3: File receival complete. (elapsed time: 156.93387198448)
[1270742793.5656] multi_clidtop3: Total time taken by client. (elapsed time: 157.15588498116)
[1270742793.5658] multi_clidtop3: Starting connection.
[1270742793.6541] multi_clidtop3: Connection stabilished. (elapsed time: 0.088376045227051)
[1270742793.662] multi_clidtop3: Starting file receival.
[1270742866.7734] multi_clidtop3: File receival complete. (elapsed time: 73.111369132996)
[1270742866.7734] multi_clidtop3: Total time taken by client. (elapsed time: 73.207627058029)
[1270742866.7735] multi_clidtop3: Starting connection.
[1270742866.9263] multi_clidtop3: Connection stabilished. (elapsed time: 0.15274500846863)
[1270742866.9341] multi_clidtop3: Starting file receival.
[1270743006.6896] multi_clidtop3: File receival complete. (elapsed time: 139.75554490089)
[1270743006.6896] multi_clidtop3: Total time taken by client. (elapsed time: 139.91605997086)
multi_clidtop3 received 4 files in 405.66441607475s
[1270743006.7197] multi_clidtop3: Starting connection.
[1270743006.7335] multi_clidtop3: Connection stabilished. (elapsed time: 0.013805150985718)
[1270743006.7336] multi_clidtop3: Starting file receival.
[1270743051.4524] multi_clidtop3: File receival complete. (elapsed time: 44.718844175339)
[1270743051.4524] multi_clidtop3: Total time taken by client. (elapsed time: 44.732695102692)
[1270743051.4526] multi_clidtop3: Starting connection.
[1270743051.4807] multi_clidtop3: Connection stabilished. (elapsed time: 0.028156995773315)
[1270743051.4884] multi_clidtop3: Starting file receival.
[1270743101.5334] multi_clidtop3: File receival complete. (elapsed time: 50.045053958893)
[1270743101.5334] multi_clidtop3: Total time taken by client. (elapsed time: 50.080841064453)
[1270743101.5335] multi_clidtop3: Starting connection.
[1270743101.5626] multi_clidtop3: Connection stabilished. (elapsed time: 0.029047966003418)
[1270743101.57] multi_clidtop3: Starting file receival.
[1270743191.9016] multi_clidtop3: File receival complete. (elapsed time: 90.331665992737)
[1270743191.9016] multi_clidtop3: Total time taken by client. (elapsed time: 90.368091821671)
[1270743191.9017] multi_clidtop3: Starting connection.
[1270743191.9299] multi_clidtop3: Connection stabilished. (elapsed time: 0.028126955032349)
[1270743191.9374] multi_clidtop3: Starting file receival.
[1270743300.3042] multi_clidtop3: File receival complete. (elapsed time: 108.36686587334)
[1270743300.3042] multi_clidtop3: Total time taken by client. (elapsed time: 108.40248084068)
multi_clidtop3 received 4 files in 293.60691213608s
[1270743300.3326] multi_clidtop3: Starting connection.
[1270743300.3444] multi_clidtop3: Connection stabilished. (elapsed time: 0.011788845062256)
[1270743300.3444] multi_clidtop3: Starting file receival.
[1270743366.1612] multi_clidtop3: File receival complete. (elapsed time: 65.816769838333)
[1270743366.1612] multi_clidtop3: Total time taken by client. (elapsed time: 65.828581809998)
[1270743366.1613] multi_clidtop3: Starting connection.
[1270743366.2686] multi_clidtop3: Connection stabilished. (elapsed time: 0.10725712776184)
[1270743366.276] multi_clidtop3: Starting file receival.
[1270743541.0533] multi_clidtop3: File receival complete. (elapsed time: 174.77734684944)
[1270743541.0533] multi_clidtop3: Total time taken by client. (elapsed time: 174.89203095436)
[1270743541.0535] multi_clidtop3: Starting connecti-- Initial parameters --
-- End of Initial parameters --
[1270742601.025] multi_clidtop4: Starting connection.
[1270742601.0283] multi_clidtop4: Connection stabilished. (elapsed time: 0.0032529830932617)
[1270742601.0283] multi_clidtop4: Starting file receival.
[1270742636.9331] multi_clidtop4: File receival complete. (elapsed time: 35.904736995697)
[1270742636.9331] multi_clidtop4: Total time taken by client. (elapsed time: 35.9080119133)
[1270742636.9332] multi_clidtop4: Starting connection.
[1270742636.957] multi_clidtop4: Connection stabilished. (elapsed time: 0.023774147033691)
[1270742636.963] multi_clidtop4: Starting file receival.
[1270742801.5281] multi_clidtop4: File receival complete. (elapsed time: 164.56510996819)
[1270742801.5281] multi_clidtop4: Total time taken by client. (elapsed time: 164.59488797188)
[1270742801.5282] multi_clidtop4: Starting connection.
[1270742801.574] multi_clidtop4: Connection stabilished. (elapsed time: 0.045742988586426)
[1270742801.5802] multi_clidtop4: Starting file receival.
[1270742871.8742] multi_clidtop4: File receival complete. (elapsed time: 70.293904066086)
[1270742871.8742] multi_clidtop4: Total time taken by client. (elapsed time: 70.345926046371)
[1270742871.8743] multi_clidtop4: Starting connection.
[1270742871.9183] multi_clidtop4: Connection stabilished. (elapsed time: 0.044039964675903)
[1270742871.9243] multi_clidtop4: Starting file receival.
[1270743019.6919] multi_clidtop4: File receival complete. (elapsed time: 147.76762890816)
[1270743019.6919] multi_clidtop4: Total time taken by client. (elapsed time: 147.81762385368)
multi_clidtop4 received 4 files in 418.66706085205s
[1270743019.7181] multi_clidtop4: Starting connection.
[1270743019.7852] multi_clidtop4: Connection stabilished. (elapsed time: 0.067096948623657)
[1270743019.7852] multi_clidtop4: Starting file receival.
[1270743065.4657] multi_clidtop4: File receival complete. (elapsed time: 45.680495023727)
[1270743065.4657] multi_clidtop4: Total time taken by client. (elapsed time: 45.747626066208)
[1270743065.4659] multi_clidtop4: Starting connection.
[1270743065.509] multi_clidtop4: Connection stabilished. (elapsed time: 0.04310417175293)
[1270743065.5157] multi_clidtop4: Starting file receival.
[1270743150.9082] multi_clidtop4: File receival complete. (elapsed time: 85.392473936081)
[1270743150.9082] multi_clidtop4: Total time taken by client. (elapsed time: 85.442317962646)
[1270743150.9083] multi_clidtop4: Starting connection.
[1270743150.9323] multi_clidtop4: Connection stabilished. (elapsed time: 0.02403998374939)
[1270743150.9387] multi_clidtop4: Starting file receival.
[1270743270.9256] multi_clidtop4: File receival complete. (elapsed time: 119.98684406281)
[1270743270.9256] multi_clidtop4: Total time taken by client. (elapsed time: 120.01726388931)
[1270743270.9257] multi_clidtop4: Starting connection.
[1270743270.9589] multi_clidtop4: Connection stabilished. (elapsed time: 0.033170938491821)
[1270743270.9651] multi_clidtop4: Starting file receival.
[1270743314.3675] multi_clidtop4: File receival complete. (elapsed time: 43.402363061905)
[1270743314.3675] multi_clidtop4: Total time taken by client. (elapsed time: 43.441784143448)
multi_clidtop4 received 4 files in 294.66872906685s
[1270743314.3928] multi_clidtop4: Starting connection.
[1270743314.4032] multi_clidtop4: Connection stabilished. (elapsed time: 0.010403156280518)
[1270743314.4032] multi_clidtop4: Starting file receival.
[1270743372.774] multi_clidtop4: File receival complete. (elapsed time: 58.370826005936)
[1270743372.774] multi_clidtop4: Total time taken by client. (elapsed time: 58.3812520504)
[1270743372.7742] multi_clidtop4: Starting connection.
[1270743372.8023] multi_clidtop4: Connection stabilished. (elapsed time: 0.028117895126343)
[1270743372.8081] multi_clidtop4: Starting file receival.
[1270743550.9129] multi_clidtop4: File receival complete. (elapsed time: 178.10475111008)
[1270743550.9129] multi_clidtop4: Total time taken by client. (elapsed time: 178.1387450695)
[1270743550.913] multi_clidtop4: Starting connection.
[127-- Initial parameters --
-- End of Initial parameters --
[1270742601.0239] multi_clidtop1: Starting connection.
[1270742604.0198] multi_clidtop1: Connection stabilished. (elapsed time: 2.9958608150482)
[1270742604.0198] multi_clidtop1: Starting file receival.
[1270742649.5234] multi_clidtop1: File receival complete. (elapsed time: 45.503536939621)
[1270742649.5234] multi_clidtop1: Total time taken by client. (elapsed time: 48.49943780899)
[1270742649.5235] multi_clidtop1: Starting connection.
[1270742649.5485] multi_clidtop1: Connection stabilished. (elapsed time: 0.025038003921509)
[1270742649.5546] multi_clidtop1: Starting file receival.
[1270742811.3066] multi_clidtop1: File receival complete. (elapsed time: 161.7520301342)
[1270742811.3066] multi_clidtop1: Total time taken by client. (elapsed time: 161.78307509422)
[1270742811.3067] multi_clidtop1: Starting connection.
[1270742811.3304] multi_clidtop1: Connection stabilished. (elapsed time: 0.023726940155029)
[1270742811.3364] multi_clidtop1: Starting file receival.
[1270742882.4976] multi_clidtop1: File receival complete. (elapsed time: 71.161114931107)
[1270742882.4976] multi_clidtop1: Total time taken by client. (elapsed time: 71.190850973129)
[1270742882.4977] multi_clidtop1: Starting connection.
[1270742882.5213] multi_clidtop1: Connection stabilished. (elapsed time: 0.023605108261108)
[1270742882.5278] multi_clidtop1: Starting file receival.
[1270743027.3541] multi_clidtop1: File receival complete. (elapsed time: 144.8262989521)
[1270743027.3541] multi_clidtop1: Total time taken by client. (elapsed time: 144.85641717911)
multi_clidtop1 received 4 files in 426.33034801483s
[1270743027.3807] multi_clidtop1: Starting connection.
[1270743027.397] multi_clidtop1: Connection stabilished. (elapsed time: 0.016319990158081)
[1270743027.3971] multi_clidtop1: Starting file receival.
[1270743074.9667] multi_clidtop1: File receival complete. (elapsed time: 47.569646835327)
[1270743074.9667] multi_clidtop1: Total time taken by client. (elapsed time: 47.585995912552)
[1270743074.9668] multi_clidtop1: Starting connection.
[1270743074.9902] multi_clidtop1: Connection stabilished. (elapsed time: 0.023382186889648)
[1270743074.9963] multi_clidtop1: Starting file receival.
[1270743164.6658] multi_clidtop1: File receival complete. (elapsed time: 89.66952085495)
[1270743164.6658] multi_clidtop1: Total time taken by client. (elapsed time: 89.698987007141)
[1270743164.6659] multi_clidtop1: Starting connection.
[1270743164.6904] multi_clidtop1: Connection stabilished. (elapsed time: 0.024428844451904)
[1270743164.6963] multi_clidtop1: Starting file receival.
[1270743287.0101] multi_clidtop1: File receival complete. (elapsed time: 122.31378793716)
[1270743287.0101] multi_clidtop1: Total time taken by client. (elapsed time: 122.3441889286)
[1270743287.0103] multi_clidtop1: Starting connection.
[1270743287.2426] multi_clidtop1: Connection stabilished. (elapsed time: 0.23231601715088)
[1270743287.2493] multi_clidtop1: Starting file receival.
[1270743337.7671] multi_clidtop1: File receival complete. (elapsed time: 50.51783490181)
[1270743337.7671] multi_clidtop1: Total time taken by client. (elapsed time: 50.756841897964)
multi_clidtop1 received 4 files in 310.40616989136s
[1270743337.791] multi_clidtop1: Starting connection.
[1270743337.8012] multi_clidtop1: Connection stabilished. (elapsed time: 0.010270118713379)
[1270743337.8013] multi_clidtop1: Starting file receival.
[1270743386.3454] multi_clidtop1: File receival complete. (elapsed time: 48.544111013412)
[1270743386.3454] multi_clidtop1: Total time taken by client. (elapsed time: 48.554403066635)
[1270743386.3455] multi_clidtop1: Starting connection.
[1270743386.3725] multi_clidtop1: Connection stabilished. (elapsed time: 0.027038097381592)
[1270743386.3784] multi_clidtop1: Starting file receival.
[1270743560.1013] multi_clidtop1: File receival complete. (elapsed time: 173.72286891937)
[1270743560.1013] multi_clidtop1: Total time taken by client. (elapsed time: 173.75580310822)
[1270743560.1014] multi_clidtop1: Starting connection.
[.
[1270743526.5134] multi_clidtop2: Connection stabilished. (elapsed time: 0.027931928634644)
[1270743526.5199] multi_clidtop2: Starting file receival.
[1270743570.7669] multi_clidtop2: File receival complete. (elapsed time: 44.246916055679)
[1270743570.7669] multi_clidtop2: Total time taken by client. (elapsed time: 44.281342983246)
[1270743570.767] multi_clidtop2: Starting connection.
[1270743570.8012] multi_clidtop2: Connection stabilished. (elapsed time: 0.034246921539307)
[1270743570.8077] multi_clidtop2: Starting file receival.
[1270743618.3897] multi_clidtop2: File receival complete. (elapsed time: 47.581934928894)
[1270743618.3897] multi_clidtop2: Total time taken by client. (elapsed time: 47.622674942017)
multi_clidtop2 received 4 files in 321.19230985641s
[1270743618.413] multi_clidtop2: Starting connection.
[1270743618.4231] multi_clidtop2: Connection stabilished. (elapsed time: 0.010114908218384)
[1270743618.4232] multi_clidtop2: Starting file receival.
[1270743749.997] multi_clidtop2: File receival complete. (elapsed time: 131.57388997078)
[1270743749.997] multi_clidtop2: Total time taken by client. (elapsed time: 131.5840280056)
[1270743749.9972] multi_clidtop2: Starting connection.
[1270743750.0246] multi_clidtop2: Connection stabilished. (elapsed time: 0.027392148971558)
[1270743750.0311] multi_clidtop2: Starting file receival.
[1270743799.2702] multi_clidtop2: File receival complete. (elapsed time: 49.239140033722)
[1270743799.2702] multi_clidtop2: Total time taken by client. (elapsed time: 49.273071050644)
[1270743799.2704] multi_clidtop2: Starting connection.
[1270743799.2979] multi_clidtop2: Connection stabilished. (elapsed time: 0.027501106262207)
[1270743799.3039] multi_clidtop2: Starting file receival.
[1270743845.5902] multi_clidtop2: File receival complete. (elapsed time: 46.286285877228)
[1270743845.5902] multi_clidtop2: Total time taken by client. (elapsed time: 46.319786071777)
[1270743845.5903] multi_clidtop2: Starting connection.
[1270743845.6188] multi_clidtop2: Connection stabilished. (elapsed time: 0.028565168380737)
[1270743845.6248] multi_clidtop2: Starting file receival.
[1270743998.2843] multi_clidtop2: File receival complete. (elapsed time: 152.65953397751)
[1270743998.2843] multi_clidtop2: Total time taken by client. (elapsed time: 152.69402098656)
multi_clidtop2 received 4 files in 379.88900709152s
[1270743998.3082] multi_clidtop2: Starting connection.
[1270743998.3181] multi_clidtop2: Connection stabilished. (elapsed time: 0.0098381042480469)
[1270743998.3181] multi_clidtop2: Starting file receival.
[1270744060.6153] multi_clidtop2: File receival complete. (elapsed time: 62.297261953354)
[1270744060.6153] multi_clidtop2: Total time taken by client. (elapsed time: 62.307122945786)
[1270744060.6155] multi_clidtop2: Starting connection.
[1270744060.6442] multi_clidtop2: Connection stabilished. (elapsed time: 0.028713941574097)
[1270744060.6505] multi_clidtop2: Starting file receival.
[1270744107.8602] multi_clidtop2: File receival complete. (elapsed time: 47.209714889526)
[1270744107.8602] multi_clidtop2: Total time taken by client. (elapsed time: 47.244741916656)
[1270744107.8603] multi_clidtop2: Starting connection.
[1270744107.8881] multi_clidtop2: Connection stabilished. (elapsed time: 0.027766942977905)
[1270744107.8938] multi_clidtop2: Starting file receival.
[1270744207.3567] multi_clidtop2: File receival complete. (elapsed time: 99.462820053101)
[1270744207.3567] multi_clidtop2: Total time taken by client. (elapsed time: 99.496313095093)
[1270744207.3568] multi_clidtop2: Starting connection.
[1270744207.384] multi_clidtop2: Connection stabilished. (elapsed time: 0.027251005172729)
[1270744207.3905] multi_clidtop2: Starting file receival.
[1270744289.4547] multi_clidtop2: File receival complete. (elapsed time: 82.064186811447)
[1270744289.4547] multi_clidtop2: Total time taken by client. (elapsed time: 82.097929954529)
multi_clidtop2 received 4 files in 291.16417002678s
multi_clidtop2| Files transfered: 20	 Total time taken: 1688.4047217369
Higher time taken: 400.29789590836	 Average time taken: 84.420236086845
on.
[1270743541.1035] multi_clidtop3: Connection stabilished. (elapsed time: 0.050001859664917)
[1270743541.111] multi_clidtop3: Starting file receival.
[1270743584.6035] multi_clidtop3: File receival complete. (elapsed time: 43.492486953735)
[1270743584.6035] multi_clidtop3: Total time taken by client. (elapsed time: 43.550031900406)
[1270743584.6037] multi_clidtop3: Starting connection.
[1270743584.7246] multi_clidtop3: Connection stabilished. (elapsed time: 0.12098479270935)
[1270743584.7323] multi_clidtop3: Starting file receival.
[1270743631.976] multi_clidtop3: File receival complete. (elapsed time: 47.243719100952)
[1270743631.976] multi_clidtop3: Total time taken by client. (elapsed time: 47.372334957123)
multi_clidtop3 received 4 files in 331.66483902931s
[1270743632.0053] multi_clidtop3: Starting connection.
[1270743632.0178] multi_clidtop3: Connection stabilished. (elapsed time: 0.01247501373291)
[1270743632.0178] multi_clidtop3: Starting file receival.
[1270743762.714] multi_clidtop3: File receival complete. (elapsed time: 130.696185112)
[1270743762.714] multi_clidtop3: Total time taken by client. (elapsed time: 130.70868301392)
[1270743762.7141] multi_clidtop3: Starting connection.
[1270743762.757] multi_clidtop3: Connection stabilished. (elapsed time: 0.042824983596802)
[1270743762.7647] multi_clidtop3: Starting file receival.
[1270743818.9669] multi_clidtop3: File receival complete. (elapsed time: 56.202219009399)
[1270743818.9669] multi_clidtop3: Total time taken by client. (elapsed time: 56.252768993378)
[1270743818.9671] multi_clidtop3: Starting connection.
[1270743819.0777] multi_clidtop3: Connection stabilished. (elapsed time: 0.1106858253479)
[1270743819.0849] multi_clidtop3: Starting file receival.
[1270743970.6659] multi_clidtop3: File receival complete. (elapsed time: 151.58106994629)
[1270743970.6659] multi_clidtop3: Total time taken by client. (elapsed time: 151.69887781143)
[1270743970.6661] multi_clidtop3: Starting connection.
[1270743970.7469] multi_clidtop3: Connection stabilished. (elapsed time: 0.080838918685913)
[1270743970.7543] multi_clidtop3: Starting file receival.
[1270744018.6458] multi_clidtop3: File receival complete. (elapsed time: 47.891455888748)
[1270744018.6458] multi_clidtop3: Total time taken by client. (elapsed time: 47.979682922363)
multi_clidtop3 received 4 files in 386.6623980999s
[1270744018.6748] multi_clidtop3: Starting connection.
[1270744018.6864] multi_clidtop3: Connection stabilished. (elapsed time: 0.011600971221924)
[1270744018.6864] multi_clidtop3: Starting file receival.
[1270744075.2068] multi_clidtop3: File receival complete. (elapsed time: 56.520357847214)
[1270744075.2068] multi_clidtop3: Total time taken by client. (elapsed time: 56.531981945038)
[1270744075.2069] multi_clidtop3: Starting connection.
[1270744075.2655] multi_clidtop3: Connection stabilished. (elapsed time: 0.058620929718018)
[1270744075.273] multi_clidtop3: Starting file receival.
[1270744166.5499] multi_clidtop3: File receival complete. (elapsed time: 91.27686214447)
[1270744166.5499] multi_clidtop3: Total time taken by client. (elapsed time: 91.342952013016)
[1270744166.55] multi_clidtop3: Starting connection.
[1270744166.5835] multi_clidtop3: Connection stabilished. (elapsed time: 0.033470153808594)
[1270744166.5911] multi_clidtop3: Starting file receival.
[1270744248.7871] multi_clidtop3: File receival complete. (elapsed time: 82.195992946625)
[1270744248.7871] multi_clidtop3: Total time taken by client. (elapsed time: 82.237076044083)
[1270744248.7872] multi_clidtop3: Starting connection.
[1270744248.8214] multi_clidtop3: Connection stabilished. (elapsed time: 0.034166097640991)
[1270744248.8288] multi_clidtop3: Starting file receival.
[1270744309.4256] multi_clidtop3: File receival complete. (elapsed time: 60.596783876419)
[1270744309.4256] multi_clidtop3: Total time taken by client. (elapsed time: 60.638429880142)
multi_clidtop3 received 4 files in 290.77237987518s
multi_clidtop3| Files transfered: 20	 Total time taken: 1708.3709452152
Higher time taken: 405.66441607475	 Average time taken: 85.418547260761
0743550.9728] multi_clidtop4: Connection stabilished. (elapsed time: 0.059787034988403)
[1270743550.9797] multi_clidtop4: Starting file receival.
[1270743591.0416] multi_clidtop4: File receival complete. (elapsed time: 40.061871051788)
[1270743591.0416] multi_clidtop4: Total time taken by client. (elapsed time: 40.128535032272)
[1270743591.0417] multi_clidtop4: Starting connection.
[1270743591.0689] multi_clidtop4: Connection stabilished. (elapsed time: 0.027222871780396)
[1270743591.075] multi_clidtop4: Starting file receival.
[1270743644.9621] multi_clidtop4: File receival complete. (elapsed time: 53.887045145035)
[1270743644.9621] multi_clidtop4: Total time taken by client. (elapsed time: 53.920392990112)
multi_clidtop4 received 4 files in 330.5885310173s
[1270743644.9851] multi_clidtop4: Starting connection.
[1270743644.9953] multi_clidtop4: Connection stabilished. (elapsed time: 0.010251998901367)
[1270743644.9953] multi_clidtop4: Starting file receival.
[1270743773.7031] multi_clidtop4: File receival complete. (elapsed time: 128.70771002769)
[1270743773.7031] multi_clidtop4: Total time taken by client. (elapsed time: 128.7179851532)
[1270743773.7032] multi_clidtop4: Starting connection.
[1270743773.7314] multi_clidtop4: Connection stabilished. (elapsed time: 0.028181076049805)
[1270743773.7373] multi_clidtop4: Starting file receival.
[1270743825.6223] multi_clidtop4: File receival complete. (elapsed time: 51.884974956512)
[1270743825.6223] multi_clidtop4: Total time taken by client. (elapsed time: 51.919110059738)
[1270743825.6224] multi_clidtop4: Starting connection.
[1270743825.6584] multi_clidtop4: Connection stabilished. (elapsed time: 0.035965919494629)
[1270743825.6645] multi_clidtop4: Starting file receival.
[1270743978.322] multi_clidtop4: File receival complete. (elapsed time: 152.65745902061)
[1270743978.322] multi_clidtop4: Total time taken by client. (elapsed time: 152.69957399368)
[1270743978.3221] multi_clidtop4: Starting connection.
[1270743978.3604] multi_clidtop4: Connection stabilished. (elapsed time: 0.038305044174194)
[1270743978.3664] multi_clidtop4: Starting file receival.
[1270744032.435] multi_clidtop4: File receival complete. (elapsed time: 54.068603038788)
[1270744032.435] multi_clidtop4: Total time taken by client. (elapsed time: 54.112930059433)
multi_clidtop4 received 4 files in 387.4669418335s
[1270744032.4591] multi_clidtop4: Starting connection.
[1270744032.4691] multi_clidtop4: Connection stabilished. (elapsed time: 0.0099570751190186)
[1270744032.4691] multi_clidtop4: Starting file receival.
[1270744084.8334] multi_clidtop4: File receival complete. (elapsed time: 52.364245176315)
[1270744084.8334] multi_clidtop4: Total time taken by client. (elapsed time: 52.374225139618)
[1270744084.8335] multi_clidtop4: Starting connection.
[1270744084.9021] multi_clidtop4: Connection stabilished. (elapsed time: 0.068598985671997)
[1270744084.9081] multi_clidtop4: Starting file receival.
[1270744180.9652] multi_clidtop4: File receival complete. (elapsed time: 96.057134866714)
[1270744180.9652] multi_clidtop4: Total time taken by client. (elapsed time: 96.131734848022)
[1270744180.9653] multi_clidtop4: Starting connection.
[1270744180.9946] multi_clidtop4: Connection stabilished. (elapsed time: 0.029220104217529)
[1270744181.0005] multi_clidtop4: Starting file receival.
[1270744262.798] multi_clidtop4: File receival complete. (elapsed time: 81.797484874725)
[1270744262.798] multi_clidtop4: Total time taken by client. (elapsed time: 81.832648992538)
[1270744262.7981] multi_clidtop4: Starting connection.
[1270744262.8269] multi_clidtop4: Connection stabilished. (elapsed time: 0.028822898864746)
[1270744262.8328] multi_clidtop4: Starting file receival.
[1270744314.8949] multi_clidtop4: File receival complete. (elapsed time: 52.062040805817)
[1270744314.8949] multi_clidtop4: Total time taken by client. (elapsed time: 52.096747875214)
multi_clidtop4 received 4 files in 282.45371389389s
multi_clidtop4| Files transfered: 20	 Total time taken: 1713.8449766636
Higher time taken: 418.66706085205	 Average time taken: 85.692248833179
1270743560.1383] multi_clidtop1: Connection stabilished. (elapsed time: 0.036854982376099)
[1270743560.1448] multi_clidtop1: Starting file receival.
[1270743604.6698] multi_clidtop1: File receival complete. (elapsed time: 44.525012969971)
[1270743604.6698] multi_clidtop1: Total time taken by client. (elapsed time: 44.56836605072)
[1270743604.6699] multi_clidtop1: Starting connection.
[1270743604.6985] multi_clidtop1: Connection stabilished. (elapsed time: 0.028562068939209)
[1270743604.7042] multi_clidtop1: Starting file receival.
[1270743737.3476] multi_clidtop1: File receival complete. (elapsed time: 132.64340496063)
[1270743737.3476] multi_clidtop1: Total time taken by client. (elapsed time: 132.67764902115)
multi_clidtop1 received 4 files in 399.57424116135s
[1270743737.3724] multi_clidtop1: Starting connection.
[1270743737.3831] multi_clidtop1: Connection stabilished. (elapsed time: 0.010762929916382)
[1270743737.3831] multi_clidtop1: Starting file receival.
[1270743786.4981] multi_clidtop1: File receival complete. (elapsed time: 49.114946842194)
[1270743786.4981] multi_clidtop1: Total time taken by client. (elapsed time: 49.125733852386)
[1270743786.4982] multi_clidtop1: Starting connection.
[1270743786.5252] multi_clidtop1: Connection stabilished. (elapsed time: 0.026932001113892)
[1270743786.531] multi_clidtop1: Starting file receival.
[1270743838.0331] multi_clidtop1: File receival complete. (elapsed time: 51.502070903778)
[1270743838.0331] multi_clidtop1: Total time taken by client. (elapsed time: 51.534863948822)
[1270743838.0332] multi_clidtop1: Starting connection.
[1270743838.1373] multi_clidtop1: Connection stabilished. (elapsed time: 0.1041100025177)
[1270743838.1439] multi_clidtop1: Starting file receival.
[1270743989.5821] multi_clidtop1: File receival complete. (elapsed time: 151.43822908401)
[1270743989.5821] multi_clidtop1: Total time taken by client. (elapsed time: 151.54885911942)
[1270743989.5822] multi_clidtop1: Starting connection.
[1270743989.652] multi_clidtop1: Connection stabilished. (elapsed time: 0.069813013076782)
[1270743989.6587] multi_clidtop1: Starting file receival.
[1270744046.2107] multi_clidtop1: File receival complete. (elapsed time: 56.552052974701)
[1270744046.2107] multi_clidtop1: Total time taken by client. (elapsed time: 56.628492832184)
multi_clidtop1 received 4 files in 308.8565890789s
[1270744046.2343] multi_clidtop1: Starting connection.
[1270744046.2444] multi_clidtop1: Connection stabilished. (elapsed time: 0.010094165802002)
[1270744046.2444] multi_clidtop1: Starting file receival.
[1270744094.1954] multi_clidtop1: File receival complete. (elapsed time: 47.951039075851)
[1270744094.1954] multi_clidtop1: Total time taken by client. (elapsed time: 47.961156129837)
[1270744094.1956] multi_clidtop1: Starting connection.
[1270744094.2252] multi_clidtop1: Connection stabilished. (elapsed time: 0.029600858688354)
[1270744094.231] multi_clidtop1: Starting file receival.
[1270744194.3999] multi_clidtop1: File receival complete. (elapsed time: 100.16897583008)
[1270744194.3999] multi_clidtop1: Total time taken by client. (elapsed time: 100.20437788963)
[1270744194.4001] multi_clidtop1: Starting connection.
[1270744194.4287] multi_clidtop1: Connection stabilished. (elapsed time: 0.028671026229858)
[1270744194.4347] multi_clidtop1: Starting file receival.
[1270744276.5674] multi_clidtop1: File receival complete. (elapsed time: 82.132740020752)
[1270744276.5674] multi_clidtop1: Total time taken by client. (elapsed time: 82.167367935181)
[1270744276.5676] multi_clidtop1: Starting connection.
[1270744276.5952] multi_clidtop1: Connection stabilished. (elapsed time: 0.027652025222778)
[1270744276.6008] multi_clidtop1: Starting file receival.
[1270744325.7081] multi_clidtop1: File receival complete. (elapsed time: 49.107290029526)
[1270744325.7081] multi_clidtop1: Total time taken by client. (elapsed time: 49.140573978424)
multi_clidtop1 received 4 files in 279.4910390377s
multi_clidtop1| Files transfered: 20	 Total time taken: 1724.6583871841
Higher time taken: 426.33034801483	 Average time taken: 86.232919359207
