multi_clinetb5 received 4 files in 122.98752403259s
multi_clinetb5 received 4 files in 124.04030704498s
multi_clinetb5 received 4 files in 106.09602403641s
multi_clinetb5 received 4 files in 86.716920137405s
multi_clinetb5 received 4 files in 89.401339054108s
multi_clinetb5| Files transfered: 20	 Total time taken: 529.2421143055
Higher time taken: 124.04030704498	 Average time taken: 26.462105715275
multi_clinetb2 received 4 files in 120.58693003654s
multi_clinetb2 received 4 files in 114.71523880959s
multi_clinetb2 received 4 files in 100.10039901733s
multi_clinetb2 received 4 files in 115.89558506012s
multi_clinetb2 received 4 files in 85.263536930084s
multi_clinetb2| Files transfered: 20	 Total time taken: 536.56168985367
Higher time taken: 120.58693003654	 Average time taken: 26.828084492683
multi_clinetb4 received 4 files in 106.98905396461s
multi_clinetb4 received 4 files in 106.52365684509s
multi_clinetb4 received 4 files in 109.26868510246s
multi_clinetb4 received 4 files in 140.35657501221s
multi_clinetb4 received 4 files in 103.01322507858s
multi_clinetb4| Files transfered: 20	 Total time taken: 566.15119600296
Higher time taken: 140.35657501221	 Average time taken: 28.307559800148
multi_clinetb6 received 4 files in 111.59390592575s
multi_clinetb6 received 4 files in 145.82346105576s
multi_clinetb6 received 4 files in 133.13340711594s
multi_clinetb6 received 4 files in 119.69302582741s
multi_clinetb6 received 4 files in 86.858736038208s
multi_clinetb6| Files transfered: 20	 Total time taken: 597.10253596306
Higher time taken: 145.82346105576	 Average time taken: 29.855126798153
multi_clinetb3 received 4 files in 134.66620993614s
multi_clinetb3 received 4 files in 99.644608020782s
multi_clinetb3 received 4 files in 105.723072052s
multi_clinetb3 received 4 files in 91.403867006302s
multi_clinetb3 received 4 files in 175.4429090023s
multi_clinetb3| Files transfered: 20	 Total time taken: 606.88066601753
Higher time taken: 175.4429090023	 Average time taken: 30.344033300877
multi_clinetb7 received 4 files in 191.37740707397s
multi_clinetb7 received 4 files in 224.59214496613s
multi_clinetb7 received 4 files in 108.31789112091s
multi_clinetb7 received 4 files in 51.100160121918s
multi_clinetb7 received 4 files in 35.158633947372s
multi_clinetb7| Files transfered: 20	 Total time taken: 610.5462372303
Higher time taken: 224.59214496613	 Average time taken: 30.527311861515
multi_clinetb1 received 4 files in 209.14154410362s
multi_clinetb1 received 4 files in 144.88121795654s
multi_clinetb1 received 4 files in 279.34643697739s
multi_clinetb1 received 4 files in 17.493541955948s
multi_clinetb1 received 4 files in 18.095545053482s
multi_clinetb1| Files transfered: 20	 Total time taken: 668.95828604698
Higher time taken: 279.34643697739	 Average time taken: 33.447914302349
multi_clidtop8 received 4 files in 69.11648607254s
multi_clidtop8 received 4 files in 66.651637792587s
multi_clidtop8 received 4 files in 58.997683048248s
multi_clidtop8 received 4 files in 67.980500936508s
multi_clidtop8 received 4 files in 66.161988973618s
multi_clidtop8| Files transfered: 20	 Total time taken: 328.9082968235
Higher time taken: 69.11648607254	 Average time taken: 16.445414841175
multi_clidtop6 received 4 files in 69.879874944687s
multi_clidtop6 received 4 files in 67.132756948471s
multi_clidtop6 received 4 files in 58.974761009216s
multi_clidtop6 received 4 files in 68.009712934494s
multi_clidtop6 received 4 files in 66.137256145477s
multi_clidtop6| Files transfered: 20	 Total time taken: 330.13436198235
Higher time taken: 69.879874944687	 Average time taken: 16.506718099117
multi_clidtop7 received 4 files in 71.282044887543s
multi_clidtop7 received 4 files in 66.976091861725s
multi_clidtop7 received 4 files in 58.465861082077s
multi_clidtop7 received 4 files in 68.518887996674s
multi_clidtop7 received 4 files in 66.120803833008s
multi_clidtop7| Files transfered: 20	 Total time taken: 331.36368966103
Higher time taken: 71.282044887543	 Average time taken: 16.568184483051
multi_clidtop1 received 4 files in 71.953077793121s
multi_clidtop1 received 4 files in 67.547791004181s
multi_clidtop1 received 4 files in 58.450370073318s
multi_clidtop1 received 4 files in 78.187931060791s
multi_clidtop1 received 4 files in 59.132306098938s
multi_clidtop1| Files transfered: 20	 Total time taken: 335.27147603035
Higher time taken: 78.187931060791	 Average time taken: 16.763573801517
multi_clidtop5 received 4 files in 73.190975904465s
multi_clidtop5 received 4 files in 67.564433097839s
multi_clidtop5 received 4 files in 58.411973953247s
multi_clidtop5 received 4 files in 78.547372102737s
multi_clidtop5 received 4 files in 59.529723882675s
multi_clidtop5| Files transfered: 20	 Total time taken: 337.24447894096
Higher time taken: 78.547372102737	 Average time taken: 16.862223947048
multi_clidtop3 received 4 files in 80.285070896149s
multi_clidtop3 received 4 files in 61.715515136719s
multi_clidtop3 received 4 files in 58.423717021942s
multi_clidtop3 received 4 files in 78.473122835159s
multi_clidtop3 received 4 files in 58.89674115181s
multi_clidtop3| Files transfered: 20	 Total time taken: 337.79416704178
Higher time taken: 80.285070896149	 Average time taken: 16.889708352089
multi_clidtop4 received 4 files in 79.040761947632s
multi_clidtop4 received 4 files in 65.401684999466s
multi_clidtop4 received 4 files in 60.690050840378s
multi_clidtop4 received 4 files in 74.872264862061s
multi_clidtop4 received 4 files in 59.423280954361s
multi_clidtop4| Files transfered: 20	 Total time taken: 339.4280436039
Higher time taken: 79.040761947632	 Average time taken: 16.971402180195
multi_clidtop2 received 4 files in 86.602723836899s
multi_clidtop2 received 4 files in 59.082417011261s
multi_clidtop2 received 4 files in 64.640017032623s
multi_clidtop2 received 4 files in 70.862525939941s
multi_clidtop2 received 4 files in 58.731131076813s
multi_clidtop2| Files transfered: 20	 Total time taken: 339.91881489754
Higher time taken: 86.602723836899	 Average time taken: 16.995940744877
