 ! Error - File not received. closed
 ! Error - File not received. closed
 ! Error - File not received. closed
 ! Error - File not received. closed
multi_climc2 received 4 files in 18.027513027191s
 ! Error - File not received. closed
 ! Error - File not received. closed
 ! Error - File not received. closed
 ! Error - File not received. closed
multi_climc2 received 4 files in 12.056529045105s
 ! Error - File not received. closed
 ! Error - File not received. closed
 ! Error - File not received. closed
 ! Error - File not received. closed
multi_climc2 received 4 files in 12.044695138931s
 ! Error - File not received. closed
 ! Error - File not received. closed
 ! Error - File not received. closed
 ! Error - File not received. closed
multi_climc2 received 4 files in 12.076951980591s
 ! Error - File not received. closed
 ! Error - File not received. closed
 ! Error - File not received. closed
 ! Error - File not received. closed
multi_climc2 received 4 files in 12.043911933899s
multi_climc2| Files transfered: 20	 Total time taken: 66.249601125717
Higher time taken: 18.027513027191	 Average time taken: 3.3124800562859
 ! Error - File not received. timeout
 ! Error - File not received. closed
 ! Error - File not received. closed
 ! Error - File not received. closed
multi_climc5 received 4 files in 66.168345928192s
 ! Error - File not received. closed
 ! Error - File not received. closed
 ! Error - File not received. closed
 ! Error - File not received. closed
multi_climc5 received 4 files in 12.04047703743s
 ! Error - File not received. closed
 ! Error - File not received. closed
 ! Error - File not received. closed
 ! Error - File not received. closed
multi_climc5 received 4 files in 12.040726184845s
 ! Error - File not received. closed
 ! Error - File not received. closed
 ! Error - File not received. closed
 ! Error - File not received. closed
multi_climc5 received 4 files in 12.040477991104s
 ! Error - File not received. closed
 ! Error - File not received. closed
 ! Error - File not received. closed
 ! Error - File not received. closed
multi_climc5 received 4 files in 12.034112930298s
multi_climc5| Files transfered: 20	 Total time taken: 114.32414007187
Higher time taken: 66.168345928192	 Average time taken: 5.7162070035934
 ! Error - File not received. timeout
 ! Error - File not received. closed
 ! Error - File not received. closed
 ! Error - File not received. closed
multi_climc6 received 4 files in 66.167856931686s
 ! Error - File not received. closed
 ! Error - File not received. closed
 ! Error - File not received. closed
 ! Error - File not received. closed
multi_climc6 received 4 files in 12.039791107178s
 ! Error - File not received. closed
 ! Error - File not received. closed
 ! Error - File not received. closed
 ! Error - File not received. closed
multi_climc6 received 4 files in 12.04101896286s
 ! Error - File not received. closed
 ! Error - File not received. closed
 ! Error - File not received. closed
 ! Error - File not received. closed
multi_climc6 received 4 files in 12.040254831314s
 ! Error - File not received. closed
 ! Error - File not received. closed
 ! Error - File not received. closed
 ! Error - File not received. closed
multi_climc6 received 4 files in 12.036367893219s
multi_climc6| Files transfered: 20	 Total time taken: 114.32528972626
Higher time taken: 66.167856931686	 Average time taken: 5.7162644863129
 ! Error - File not received. timeout
 ! Error - File not received. timeout
 ! Error - File not received. closed
 ! Error - File not received. closed
multi_climc3 received 4 files in 123.37160897255s
 ! Error - File not received. closed
 ! Error - File not received. closed
 ! Error - File not received. closed
 ! Error - File not received. closed
multi_climc3 received 4 files in 12.030596971512s
 ! Error - File not received. closed
 ! Error - File not received. closed
 ! Error - File not received. closed
 ! Error - File not received. closed
multi_climc3 received 4 files in 12.040514945984s
 ! Error - File not received. closed
 ! Error - File not received. closed
 ! Error - File not received. closed
 ! Error - File not received. closed
multi_climc3 received 4 files in 12.039597988129s
 ! Error - File not received. closed
 ! Error - File not received. closed
 ! Error - File not received. closed
 ! Error - File not received. closed
multi_climc3 received 4 files in 12.037621974945s
multi_climc3| Files transfered: 20	 Total time taken: 171.51994085312
Higher time taken: 123.37160897255	 Average time taken: 8.5759970426559
 ! Error - File not received. timeout
 ! Error - File not received. timeout
 ! Error - File not received. closed
 ! Error - File not received. closed
multi_climc15 received 4 files in 126.38072013855s
 ! Error - File not received. closed
 ! Error - File not received. closed
 ! Error - File not received. closed
 ! Error - File not received. closed
multi_climc15 received 4 files in 12.038438796997s
 ! Error - File not received. closed
 ! Error - File not received. closed
 ! Error - File not received. closed
 ! Error - File not received. closed
multi_climc15 received 4 files in 12.039751052856s
 ! Error - File not received. closed
 ! Error - File not received. closed
 ! Error - File not received. closed
 ! Error - File not received. closed
multi_climc15 received 4 files in 12.038682937622s
 ! Error - File not received. closed
 ! Error - File not received. closed
 ! Error - File not received. closed
 ! Error - File not received. closed
multi_climc15 received 4 files in 12.041869163513s
multi_climc15| Files transfered: 20	 Total time taken: 174.53946208954
Higher time taken: 126.38072013855	 Average time taken: 8.7269731044769
 ! Error - File not received. timeout
 ! Error - File not received. timeout
 ! Error - File not received. closed
 ! Error - File not received. closed
multi_climc14 received 4 files in 126.38935208321s
 ! Error - File not received. closed
 ! Error - File not received. closed
 ! Error - File not received. closed
 ! Error - File not received. closed
multi_climc14 received 4 files in 12.035938978195s
 ! Error - File not received. closed
 ! Error - File not received. closed
 ! Error - File not received. closed
 ! Error - File not received. closed
multi_climc14 received 4 files in 12.040050029755s
 ! Error - File not received. closed
 ! Error - File not received. closed
 ! Error - File not received. closed
 ! Error - File not received. closed
multi_climc14 received 4 files in 12.03689289093s
 ! Error - File not received. closed
 ! Error - File not received. closed
 ! Error - File not received. closed
 ! Error - File not received. closed
multi_climc14 received 4 files in 12.049583911896s
multi_climc14| Files transfered: 20	 Total time taken: 174.55181789398
Higher time taken: 126.38935208321	 Average time taken: 8.7275908946991
 ! Error - File not received. timeout
 ! Error - File not received. closed
 ! Error - File not received. closed
 ! Error - File not received. closed
multi_climc1 received 4 files in 75.19612288475s
 ! Error - File not received. closed
 ! Error - File not received. closed
 ! Error - File not received. closed
 ! Error - File not received. closed
multi_climc1 received 4 files in 12.038190126419s
 ! Error - File not received. closed
 ! Error - File not received. closed
 ! Error - File not received. closed
 ! Error - File not received. closed
multi_climc1 received 4 files in 12.038997888565s
 ! Error - File not received. closed
 ! Error - File not received. closed
 ! Error - File not received. closed
 ! Error - File not received. closed
multi_climc1 received 4 files in 12.039422035217s
 ! Error - File not received. closed
 ! Error - File not received. closed
 ! Error - File not received. closed
 ! Error - File not received. timeout
multi_climc1 received 4 files in 69.110960006714s
multi_climc1| Files transfered: 20	 Total time taken: 180.42369294167
Higher time taken: 75.19612288475	 Average time taken: 9.0211846470833
 ! Error - File not received. timeout
 ! Error - File not received. timeout
 ! Error - File not received. timeout
 ! Error - File not received. closed
multi_climc13 received 4 files in 183.18610215187s
 ! Error - File not received. closed
 ! Error - File not received. closed
 ! Error - File not received. closed
 ! Error - File not received. closed
multi_climc13 received 4 files in 12.042782068253s
 ! Error - File not received. closed
 ! Error - File not received. closed
 ! Error - File not received. closed
 ! Error - File not received. closed
multi_climc13 received 4 files in 12.03724193573s
 ! Error - File not received. closed
 ! Error - File not received. closed
 ! Error - File not received. closed
 ! Error - File not received. closed
multi_climc13 received 4 files in 12.042023897171s
 ! Error - File not received. closed
 ! Error - File not received. closed
 ! Error - File not received. closed
 ! Error - File not received. closed
multi_climc13 received 4 files in 12.039433956146s
multi_climc13| Files transfered: 20	 Total time taken: 231.34758400917
Higher time taken: 183.18610215187	 Average time taken: 11.567379200459
 ! Error - File not received. timeout
 ! Error - File not received. timeout
 ! Error - File not received. timeout
 ! Error - File not received. closed
multi_climc10 received 4 files in 183.20182299614s
 ! Error - File not received. closed
 ! Error - File not received. closed
 ! Error - File not received. closed
 ! Error - File not received. closed
multi_climc10 received 4 files in 12.041808128357s
 ! Error - File not received. closed
 ! Error - File not received. closed
 ! Error - File not received. closed
 ! Error - File not received. closed
multi_climc10 received 4 files in 12.03723192215s
 ! Error - File not received. closed
 ! Error - File not received. closed
 ! Error - File not received. closed
 ! Error - File not received. closed
multi_climc10 received 4 files in 12.041790008545s
 ! Error - File not received. closed
 ! Error - File not received. closed
 ! Error - File not received. closed
 ! Error - File not received. closed
multi_climc10 received 4 files in 12.05107998848s
multi_climc10| Files transfered: 20	 Total time taken: 231.37373304367
Higher time taken: 183.20182299614	 Average time taken: 11.568686652184
 ! Error - File not received. timeout
 ! Error - File not received. timeout
 ! Error - File not received. timeout
 ! Error - File not received. timeout
multi_climc11 received 4 files in 240.23729705811s
 ! Error - File not received. closed
 ! Error - File not received. closed
 ! Error - File not received. closed
 ! Error - File not received. closed
multi_climc11 received 4 files in 9.1902668476105s
 ! Error - File not received. closed
 ! Error - File not received. closed
 ! Error - File not received. closed
 ! Error - File not received. closed
multi_climc11 received 4 files in 12.040998220444s
 ! Error - File not received. closed
 ! Error - File not received. closed
 ! Error - File not received. closed
 ! Error - File not received. closed
multi_climc11 received 4 files in 12.038583993912s
 ! Error - File not received. closed
 ! Error - File not received. closed
 ! Error - File not received. closed
 ! Error - File not received. closed
multi_climc11 received 4 files in 12.037929058075s
multi_climc11| Files transfered: 20	 Total time taken: 285.54507517815
Higher time taken: 240.23729705811	 Average time taken: 14.277253758907
 ! Error - File not received. timeout
 ! Error - File not received. timeout
 ! Error - File not received. timeout
 ! Error - File not received. timeout
multi_climc9 received 4 files in 240.24708604813s
 ! Error - File not received. closed
 ! Error - File not received. closed
 ! Error - File not received. closed
 ! Error - File not received. closed
multi_climc9 received 4 files in 9.1912422180176s
 ! Error - File not received. closed
 ! Error - File not received. closed
 ! Error - File not received. closed
 ! Error - File not received. closed
multi_climc9 received 4 files in 12.040345907211s
 ! Error - File not received. closed
 ! Error - File not received. closed
 ! Error - File not received. closed
 ! Error - File not received. closed
multi_climc9 received 4 files in 12.038265943527s
 ! Error - File not received. closed
 ! Error - File not received. closed
 ! Error - File not received. closed
 ! Error - File not received. closed
multi_climc9 received 4 files in 12.042234897614s
multi_climc9| Files transfered: 20	 Total time taken: 285.5591750145
Higher time taken: 240.24708604813	 Average time taken: 14.277958750725
 ! Error - File not received. timeout
 ! Error - File not received. timeout
 ! Error - File not received. timeout
 ! Error - File not received. timeout
multi_climc8 received 4 files in 240.25040507317s
 ! Error - File not received. closed
 ! Error - File not received. closed
 ! Error - File not received. closed
 ! Error - File not received. closed
multi_climc8 received 4 files in 30.260443925858s
 ! Error - File not received. closed
 ! Error - File not received. closed
 ! Error - File not received. closed
 ! Error - File not received. closed
multi_climc8 received 4 files in 12.040324926376s
 ! Error - File not received. closed
 ! Error - File not received. closed
 ! Error - File not received. closed
 ! Error - File not received. closed
multi_climc8 received 4 files in 12.041071891785s
 ! Error - File not received. closed
 ! Error - File not received. closed
 ! Error - File not received. closed
 ! Error - File not received. closed
multi_climc8 received 4 files in 12.04009103775s
multi_climc8| Files transfered: 20	 Total time taken: 306.63233685493
Higher time taken: 240.25040507317	 Average time taken: 15.331616842747
 ! Error - File not received. timeout
 ! Error - File not received. timeout
 ! Error - File not received. timeout
 ! Error - File not received. closed
multi_climc12 received 4 files in 183.1955268383s
 ! Error - File not received. closed
 ! Error - File not received. closed
 ! Error - File not received. No route to host
 ! Error - File not received. closed
multi_climc12 received 4 files in 54.186571836472s
 ! Error - File not received. closed
 ! Error - File not received. closed
 ! Error - File not received. closed
 ! Error - File not received. closed
multi_climc12 received 4 files in 12.044698953629s
 ! Error - File not received. closed
 ! Error - File not received. closed
 ! Error - File not received. closed
 ! Error - File not received. timeout
multi_climc12 received 4 files in 69.105614900589s
 ! Error - File not received. closed
 ! Error - File not received. closed
 ! Error - File not received. closed
 ! Error - File not received. closed
multi_climc12 received 4 files in 30.249722957611s
multi_climc12| Files transfered: 20	 Total time taken: 348.7821354866
Higher time taken: 183.1955268383	 Average time taken: 17.43910677433
