 ! Error - File not received. closed
 ! Error - File not received. closed
 ! Error - File not received. closed
 ! Error - File not received. closed
multi_climc5 received 4 files in 11.983763933182s
 ! Error - File not received. closed
 ! Error - File not received. closed
 ! Error - File not received. closed
 ! Error - File not received. closed
multi_climc5 received 4 files in 12.038596868515s
 ! Error - File not received. closed
 ! Error - File not received. closed
 ! Error - File not received. closed
 ! Error - File not received. closed
multi_climc5 received 4 files in 12.042301177979s
 ! Error - File not received. closed
 ! Error - File not received. closed
 ! Error - File not received. closed
 ! Error - File not received. closed
multi_climc5 received 4 files in 12.040904045105s
 ! Error - File not received. closed
 ! Error - File not received. closed
 ! Error - File not received. closed
 ! Error - File not received. closed
multi_climc5 received 4 files in 12.041298151016s
multi_climc5| Files transfered: 20	 Total time taken: 60.146864175797
Higher time taken: 12.042301177979	 Average time taken: 3.0073432087898
 ! Error - File not received. closed
 ! Error - File not received. closed
 ! Error - File not received. closed
 ! Error - File not received. closed
multi_climc8 received 4 files in 18.03288602829s
 ! Error - File not received. closed
 ! Error - File not received. closed
 ! Error - File not received. closed
 ! Error - File not received. closed
multi_climc8 received 4 files in 12.038107872009s
 ! Error - File not received. closed
 ! Error - File not received. closed
 ! Error - File not received. closed
 ! Error - File not received. closed
multi_climc8 received 4 files in 12.038290023804s
 ! Error - File not received. closed
 ! Error - File not received. closed
 ! Error - File not received. closed
 ! Error - File not received. closed
multi_climc8 received 4 files in 12.042140960693s
 ! Error - File not received. closed
 ! Error - File not received. closed
 ! Error - File not received. closed
 ! Error - File not received. closed
multi_climc8 received 4 files in 12.050318956375s
multi_climc8| Files transfered: 20	 Total time taken: 66.201743841171
Higher time taken: 18.03288602829	 Average time taken: 3.3100871920586
 ! Error - File not received. closed
 ! Error - File not received. closed
 ! Error - File not received. closed
 ! Error - File not received. closed
multi_climc9 received 4 files in 18.029847860336s
 ! Error - File not received. closed
 ! Error - File not received. closed
 ! Error - File not received. closed
 ! Error - File not received. closed
multi_climc9 received 4 files in 12.037395000458s
 ! Error - File not received. closed
 ! Error - File not received. closed
 ! Error - File not received. closed
 ! Error - File not received. closed
multi_climc9 received 4 files in 12.038191080093s
 ! Error - File not received. closed
 ! Error - File not received. closed
 ! Error - File not received. closed
 ! Error - File not received. closed
multi_climc9 received 4 files in 12.042433977127s
 ! Error - File not received. closed
 ! Error - File not received. closed
 ! Error - File not received. closed
 ! Error - File not received. closed
multi_climc9 received 4 files in 12.061882972717s
multi_climc9| Files transfered: 20	 Total time taken: 66.209750890732
Higher time taken: 18.029847860336	 Average time taken: 3.3104875445366
 ! Error - File not received. timeout
 ! Error - File not received. closed
 ! Error - File not received. closed
 ! Error - File not received. closed
multi_climc7 received 4 files in 69.217789888382s
 ! Error - File not received. closed
 ! Error - File not received. closed
 ! Error - File not received. closed
 ! Error - File not received. closed
multi_climc7 received 4 files in 12.036600112915s
 ! Error - File not received. closed
 ! Error - File not received. closed
 ! Error - File not received. closed
 ! Error - File not received. closed
multi_climc7 received 4 files in 12.042596101761s
 ! Error - File not received. closed
 ! Error - File not received. closed
 ! Error - File not received. closed
 ! Error - File not received. closed
multi_climc7 received 4 files in 12.047042131424s
 ! Error - File not received. closed
 ! Error - File not received. closed
 ! Error - File not received. closed
 ! Error - File not received. closed
multi_climc7 received 4 files in 12.031080961227s
multi_climc7| Files transfered: 20	 Total time taken: 117.37510919571
Higher time taken: 69.217789888382	 Average time taken: 5.8687554597855
 ! Error - File not received. timeout
 ! Error - File not received. closed
 ! Error - File not received. closed
 ! Error - File not received. closed
multi_climc4 received 4 files in 75.208839893341s
 ! Error - File not received. closed
 ! Error - File not received. closed
 ! Error - File not received. closed
 ! Error - File not received. closed
multi_climc4 received 4 files in 12.039916992188s
 ! Error - File not received. closed
 ! Error - File not received. closed
 ! Error - File not received. closed
 ! Error - File not received. closed
multi_climc4 received 4 files in 12.039885997772s
 ! Error - File not received. closed
 ! Error - File not received. closed
 ! Error - File not received. closed
 ! Error - File not received. closed
multi_climc4 received 4 files in 12.041548013687s
 ! Error - File not received. closed
 ! Error - File not received. closed
 ! Error - File not received. closed
 ! Error - File not received. closed
multi_climc4 received 4 files in 12.068684101105s
multi_climc4| Files transfered: 20	 Total time taken: 123.39887499809
Higher time taken: 75.208839893341	 Average time taken: 6.1699437499046
 ! Error - File not received. timeout
 ! Error - File not received. closed
 ! Error - File not received. closed
 ! Error - File not received. closed
multi_climc6 received 4 files in 75.208055973053s
 ! Error - File not received. closed
 ! Error - File not received. closed
 ! Error - File not received. closed
 ! Error - File not received. closed
multi_climc6 received 4 files in 12.039878129959s
 ! Error - File not received. closed
 ! Error - File not received. closed
 ! Error - File not received. closed
 ! Error - File not received. closed
multi_climc6 received 4 files in 12.039883136749s
 ! Error - File not received. closed
 ! Error - File not received. closed
 ! Error - File not received. closed
 ! Error - File not received. closed
multi_climc6 received 4 files in 12.041597127914s
 ! Error - File not received. closed
 ! Error - File not received. closed
 ! Error - File not received. closed
 ! Error - File not received. closed
multi_climc6 received 4 files in 12.077009916306s
multi_climc6| Files transfered: 20	 Total time taken: 123.40642428398
Higher time taken: 75.208055973053	 Average time taken: 6.1703212141991
 ! Error - File not received. timeout
 ! Error - File not received. timeout
 ! Error - File not received. closed
 ! Error - File not received. closed
multi_climc1 received 4 files in 123.4001789093s
 ! Error - File not received. closed
 ! Error - File not received. closed
 ! Error - File not received. closed
 ! Error - File not received. closed
multi_climc1 received 4 files in 12.042768001556s
 ! Error - File not received. closed
 ! Error - File not received. closed
 ! Error - File not received. closed
 ! Error - File not received. closed
multi_climc1 received 4 files in 12.047165870667s
 ! Error - File not received. closed
 ! Error - File not received. closed
 ! Error - File not received. closed
 ! Error - File not received. closed
multi_climc1 received 4 files in 12.038607120514s
 ! Error - File not received. closed
 ! Error - File not received. closed
 ! Error - File not received. closed
 ! Error - File not received. closed
multi_climc1 received 4 files in 12.042968988419s
multi_climc1| Files transfered: 20	 Total time taken: 171.57168889046
Higher time taken: 123.4001789093	 Average time taken: 8.5785844445229
 ! Error - File not received. timeout
 ! Error - File not received. timeout
 ! Error - File not received. timeout
 ! Error - File not received. No route to host
multi_climc10 received 4 files in 225.79062390327s
 ! Error - File not received. closed
 ! Error - File not received. closed
 ! Error - File not received. closed
 ! Error - File not received. closed
multi_climc10 received 4 files in 12.040853977203s
 ! Error - File not received. closed
 ! Error - File not received. closed
 ! Error - File not received. closed
 ! Error - File not received. closed
multi_climc10 received 4 files in 12.048190116882s
 ! Error - File not received. closed
 ! Error - File not received. closed
 ! Error - File not received. closed
 ! Error - File not received. closed
multi_climc10 received 4 files in 12.031279087067s
 ! Error - File not received. closed
 ! Error - File not received. closed
 ! Error - File not received. closed
 ! Error - File not received. closed
multi_climc10 received 4 files in 12.040000200272s
multi_climc10| Files transfered: 20	 Total time taken: 273.9509472847
Higher time taken: 225.79062390327	 Average time taken: 13.697547364235
 ! Error - File not received. timeout
 ! Error - File not received. timeout
 ! Error - File not received. closed
 ! Error - File not received. closed
multi_climc3 received 4 files in 144.48577880859s
 ! Error - File not received. closed
 ! Error - File not received. closed
 ! Error - File not received. closed
 ! Error - File not received. closed
multi_climc3 received 4 files in 12.037744998932s
 ! Error - File not received. closed
 ! Error - File not received. closed
 ! Error - File not received. closed
 ! Error - File not received. closed
multi_climc3 received 4 files in 12.037609100342s
 ! Error - File not received. closed
 ! Error - File not received. closed
 ! Error - File not received. closed
 ! Error - File not received. timeout
multi_climc3 received 4 files in 69.116990089417s
 ! Error - File not received. timeout
 ! Error - File not received. closed
 ! Error - File not received. closed
 ! Error - File not received. closed
multi_climc3 received 4 files in 66.362920045853s
multi_climc3| Files transfered: 20	 Total time taken: 304.04104304314
Higher time taken: 144.48577880859	 Average time taken: 15.202052152157
 ! Error - File not received. timeout
 ! Error - File not received. timeout
 ! Error - File not received. closed
 ! Error - File not received. closed
multi_climc2 received 4 files in 144.48649406433s
 ! Error - File not received. closed
 ! Error - File not received. closed
 ! Error - File not received. closed
 ! Error - File not received. closed
multi_climc2 received 4 files in 12.038203001022s
 ! Error - File not received. closed
 ! Error - File not received. closed
 ! Error - File not received. closed
 ! Error - File not received. closed
multi_climc2 received 4 files in 12.037580966949s
 ! Error - File not received. closed
 ! Error - File not received. closed
 ! Error - File not received. closed
 ! Error - File not received. timeout
multi_climc2 received 4 files in 69.116625070572s
 ! Error - File not received. timeout
 ! Error - File not received. closed
 ! Error - File not received. closed
 ! Error - File not received. closed
multi_climc2 received 4 files in 75.406902074814s
multi_climc2| Files transfered: 20	 Total time taken: 313.08580517769
Higher time taken: 144.48649406433	 Average time taken: 15.654290258884
