multi_clinetb1 received 4 files in 109.16390299797s
multi_clinetb1 received 4 files in 59.721812009811s
multi_clinetb1 received 4 files in 77.672604084015s
multi_clinetb1 received 4 files in 107.83515810966s
multi_clinetb1 received 4 files in 54.762562990189s
multi_clinetb1| Files transfered: 20	 Total time taken: 409.15604019165
Higher time taken: 109.16390299797	 Average time taken: 20.457802009583
multi_clinetb3 received 4 files in 109.77213406563s
multi_clinetb3 received 4 files in 127.69580316544s
multi_clinetb3 received 4 files in 87.680364847183s
multi_clinetb3 received 4 files in 44.419192075729s
multi_clinetb3 received 4 files in 54.435979127884s
multi_clinetb3| Files transfered: 20	 Total time taken: 424.00347328186
Higher time taken: 127.69580316544	 Average time taken: 21.200173664093
multi_clinetb4 received 4 files in 117.54356884956s
multi_clinetb4 received 4 files in 79.650307178497s
multi_clinetb4 received 4 files in 104.64268779755s
multi_clinetb4 received 4 files in 89.187838077545s
multi_clinetb4 received 4 files in 53.6842918396s
multi_clinetb4| Files transfered: 20	 Total time taken: 444.70869374275
Higher time taken: 117.54356884956	 Average time taken: 22.235434687138
multi_clinetb2 received 4 files in 113.03015303612s
multi_clinetb2 received 4 files in 112.08528184891s
multi_clinetb2 received 4 files in 58.968327999115s
multi_clinetb2 received 4 files in 76.512609004974s
multi_clinetb2 received 4 files in 109.7903740406s
multi_clinetb2| Files transfered: 20	 Total time taken: 470.38674592972
Higher time taken: 113.03015303612	 Average time taken: 23.519337296486
multi_clinetb5 received 4 files in 109.33562898636s
multi_clinetb5 received 4 files in 90.84383893013s
multi_clinetb5 received 4 files in 66.49952507019s
multi_clinetb5 received 4 files in 182.36149787903s
multi_clinetb5 received 4 files in 26.779233932495s
multi_clinetb5| Files transfered: 20	 Total time taken: 475.8197247982
Higher time taken: 182.36149787903	 Average time taken: 23.79098623991
multi_clidtop3 received 4 files in 21.468524932861s
multi_clidtop3 received 4 files in 21.040921926498s
multi_clidtop3 received 4 files in 19.676107883453s
multi_clidtop3 received 4 files in 20.701671123505s
multi_clidtop3 received 4 files in 21.186928987503s
multi_clidtop3| Files transfered: 20	 Total time taken: 104.07415485382
Higher time taken: 21.468524932861	 Average time taken: 5.203707742691
multi_clidtop4 received 4 files in 22.264759063721s
multi_clidtop4 received 4 files in 21.104060173035s
multi_clidtop4 received 4 files in 19.1693379879s
multi_clidtop4 received 4 files in 20.399562835693s
multi_clidtop4 received 4 files in 21.366742134094s
multi_clidtop4| Files transfered: 20	 Total time taken: 104.30446219444
Higher time taken: 22.264759063721	 Average time taken: 5.2152231097221
multi_clidtop1 received 4 files in 20.076584100723s
multi_clidtop1 received 4 files in 21.449194908142s
multi_clidtop1 received 4 files in 20.825908899307s
multi_clidtop1 received 4 files in 23.324703216553s
multi_clidtop1 received 4 files in 20.421312093735s
multi_clidtop1| Files transfered: 20	 Total time taken: 106.09770321846
Higher time taken: 23.324703216553	 Average time taken: 5.304885160923
multi_clidtop5 received 4 files in 21.915858030319s
multi_clidtop5 received 4 files in 21.922619819641s
multi_clidtop5 received 4 files in 20.582817792892s
multi_clidtop5 received 4 files in 21.272300004959s
multi_clidtop5 received 4 files in 20.625301122665s
multi_clidtop5| Files transfered: 20	 Total time taken: 106.31889677048
Higher time taken: 21.922619819641	 Average time taken: 5.3159448385239
multi_clidtop2 received 4 files in 20.531280994415s
multi_clidtop2 received 4 files in 21.67694401741s
multi_clidtop2 received 4 files in 21.600564956665s
multi_clidtop2 received 4 files in 21.778942108154s
multi_clidtop2 received 4 files in 20.827035903931s
multi_clidtop2| Files transfered: 20	 Total time taken: 106.41476798058
Higher time taken: 21.778942108154	 Average time taken: 5.3207383990288
