multi_clinetb3 received 4 files in 9.5996999740601s
multi_clinetb3 received 4 files in 10.971036911011s
multi_clinetb3 received 4 files in 9.4871590137482s
multi_clinetb3 received 4 files in 9.6084101200104s
multi_clinetb3 received 4 files in 13.186059951782s
multi_clinetb3| Files transfered: 20	 Total time taken: 52.852365970612
Higher time taken: 13.186059951782	 Average time taken: 2.6426182985306
multi_clinetb1 received 4 files in 13.382880926132s
multi_clinetb1 received 4 files in 13.034441947937s
multi_clinetb1 received 4 files in 10.070623874664s
multi_clinetb1 received 4 files in 9.1700170040131s
multi_clinetb1 received 4 files in 17.524087905884s
multi_clinetb1| Files transfered: 20	 Total time taken: 63.18205165863
Higher time taken: 17.524087905884	 Average time taken: 3.1591025829315
multi_clinetb4 received 4 files in 10.429048061371s
multi_clinetb4 received 4 files in 45.398036956787s
multi_clinetb4 received 4 files in 4.8425090312958s
multi_clinetb4 received 4 files in 8.8088099956512s
multi_clinetb4 received 4 files in 6.6649119853973s
multi_clinetb4| Files transfered: 20	 Total time taken: 76.143316030502
Higher time taken: 45.398036956787	 Average time taken: 3.8071658015251
multi_clinetb2 received 4 files in 24.573114871979s
multi_clinetb2 received 4 files in 10.404427051544s
multi_clinetb2 received 4 files in 29.224678993225s
multi_clinetb2 received 4 files in 8.4428079128265s
multi_clinetb2 received 4 files in 6.3669459819794s
multi_clinetb2| Files transfered: 20	 Total time taken: 79.011974811554
Higher time taken: 29.224678993225	 Average time taken: 3.9505987405777
multi_clinetb5 received 4 files in 24.033476114273s
multi_clinetb5 received 4 files in 29.415246009827s
multi_clinetb5 received 4 files in 9.6938591003418s
multi_clinetb5 received 4 files in 8.749890089035s
multi_clinetb5 received 4 files in 11.451073884964s
multi_clinetb5| Files transfered: 20	 Total time taken: 83.343545198441
Higher time taken: 29.415246009827	 Average time taken: 4.167177259922
multi_clidtop1 received 4 files in 14.367564916611s
multi_clidtop1 received 4 files in 10.239915847778s
multi_clidtop1 received 4 files in 20.094897031784s
multi_clidtop1 received 4 files in 6.5471811294556s
multi_clidtop1 received 4 files in 6.0544950962067s
multi_clidtop1| Files transfered: 20	 Total time taken: 57.304054021835
Higher time taken: 20.094897031784	 Average time taken: 2.8652027010918
multi_clidtop2 received 4 files in 36.58424115181s
multi_clidtop2 received 4 files in 5.8481919765472s
multi_clidtop2 received 4 files in 16.049762010574s
multi_clidtop2 received 4 files in 16.104243040085s
multi_clidtop2 received 4 files in 6.7920498847961s
multi_clidtop2| Files transfered: 20	 Total time taken: 81.378488063812
Higher time taken: 36.58424115181	 Average time taken: 4.0689244031906
multi_clidtop4 received 4 files in 66.064751148224s
multi_clidtop4 received 4 files in 5.3258919715881s
multi_clidtop4 received 4 files in 9.8599500656128s
multi_clidtop4 received 4 files in 3.2472639083862s
multi_clidtop4 received 4 files in 2.4376299381256s
multi_clidtop4| Files transfered: 20	 Total time taken: 86.935487031937
Higher time taken: 66.064751148224	 Average time taken: 4.3467743515968
multi_clidtop3 received 4 files in 10.984528064728s
multi_clidtop3 received 4 files in 6.2448058128357s
multi_clidtop3 received 4 files in 13.079113960266s
multi_clidtop3 received 4 files in 69.471308946609s
multi_clidtop3 received 4 files in 4.6749110221863s
multi_clidtop3| Files transfered: 20	 Total time taken: 104.45466780663
Higher time taken: 69.471308946609	 Average time taken: 5.2227333903313
multi_clidtop5 received 4 files in 94.90239906311s
multi_clidtop5 received 4 files in 3.0706970691681s
multi_clidtop5 received 4 files in 4.9521927833557s
multi_clidtop5 received 4 files in 4.862606048584s
multi_clidtop5 received 4 files in 3.1431500911713s
multi_clidtop5| Files transfered: 20	 Total time taken: 110.93104505539
Higher time taken: 94.90239906311	 Average time taken: 5.5465522527695
