 ! Error - File not received. closed
 ! Error - File not received. closed
 ! Error - File not received. closed
 ! Error - File not received. closed
multi_climc1 received 4 files in 30.055023908615s
 ! Error - File not received. closed
 ! Error - File not received. closed
 ! Error - File not received. closed
 ! Error - File not received. closed
multi_climc1 received 4 files in 12.060912132263s
 ! Error - File not received. closed
 ! Error - File not received. closed
 ! Error - File not received. closed
 ! Error - File not received. closed
multi_climc1 received 4 files in 12.037040948868s
 ! Error - File not received. closed
 ! Error - File not received. closed
 ! Error - File not received. closed
 ! Error - File not received. closed
multi_climc1 received 4 files in 12.042383909225s
 ! Error - File not received. closed
 ! Error - File not received. closed
 ! Error - File not received. closed
 ! Error - File not received. closed
multi_climc1 received 4 files in 12.048124790192s
multi_climc1| Files transfered: 20	 Total time taken: 78.243485689163
Higher time taken: 30.055023908615	 Average time taken: 3.9121742844582
 ! Error - File not received. timeout
 ! Error - File not received. closed
 ! Error - File not received. closed
 ! Error - File not received. closed
multi_climc10 received 4 files in 66.199989080429s
 ! Error - File not received. closed
 ! Error - File not received. closed
 ! Error - File not received. closed
 ! Error - File not received. closed
multi_climc10 received 4 files in 12.048933982849s
 ! Error - File not received. closed
 ! Error - File not received. closed
 ! Error - File not received. timeout
 ! Error - File not received. closed
multi_climc10 received 4 files in 72.111245155334s
 ! Error - File not received. closed
 ! Error - File not received. closed
 ! Error - File not received. closed
 ! Error - File not received. closed
multi_climc10 received 4 files in 12.039767980576s
 ! Error - File not received. closed
 ! Error - File not received. closed
 ! Error - File not received. closed
 ! Error - File not received. closed
multi_climc10 received 4 files in 12.038148880005s
multi_climc10| Files transfered: 20	 Total time taken: 174.43808507919
Higher time taken: 72.111245155334	 Average time taken: 8.7219042539597
 ! Error - File not received. timeout
 ! Error - File not received. closed
 ! Error - File not received. closed
 ! Error - File not received. timeout
multi_climc6 received 4 files in 144.3687441349s
 ! Error - File not received. closed
 ! Error - File not received. closed
 ! Error - File not received. closed
 ! Error - File not received. closed
multi_climc6 received 4 files in 15.039491891861s
 ! Error - File not received. closed
 ! Error - File not received. closed
 ! Error - File not received. closed
 ! Error - File not received. closed
multi_climc6 received 4 files in 12.039378881454s
 ! Error - File not received. closed
 ! Error - File not received. closed
 ! Error - File not received. closed
 ! Error - File not received. closed
multi_climc6 received 4 files in 12.052857875824s
 ! Error - File not received. closed
 ! Error - File not received. closed
 ! Error - File not received. closed
 ! Error - File not received. closed
multi_climc6 received 4 files in 12.041377067566s
multi_climc6| Files transfered: 20	 Total time taken: 195.54184985161
Higher time taken: 144.3687441349	 Average time taken: 9.7770924925804
 ! Error - File not received. timeout
 ! Error - File not received. timeout
 ! Error - File not received. timeout
 ! Error - File not received. closed
multi_climc5 received 4 files in 180.49355006218s
 ! Error - File not received. closed
 ! Error - File not received. closed
 ! Error - File not received. closed
 ! Error - File not received. closed
multi_climc5 received 4 files in 12.039274930954s
 ! Error - File not received. closed
 ! Error - File not received. closed
 ! Error - File not received. closed
 ! Error - File not received. closed
multi_climc5 received 4 files in 12.041654109955s
 ! Error - File not received. closed
 ! Error - File not received. closed
 ! Error - File not received. closed
 ! Error - File not received. closed
multi_climc5 received 4 files in 12.037780046463s
 ! Error - File not received. closed
 ! Error - File not received. closed
 ! Error - File not received. closed
 ! Error - File not received. closed
multi_climc5 received 4 files in 12.038266181946s
multi_climc5| Files transfered: 20	 Total time taken: 228.6505253315
Higher time taken: 180.49355006218	 Average time taken: 11.432526266575
 ! Error - File not received. timeout
 ! Error - File not received. timeout
 ! Error - File not received. timeout
 ! Error - File not received. timeout
multi_climc3 received 4 files in 240.31064891815s
 ! Error - File not received. closed
 ! Error - File not received. closed
 ! Error - File not received. closed
 ! Error - File not received. closed
multi_climc3 received 4 files in 30.519464969635s
 ! Error - File not received. closed
 ! Error - File not received. closed
 ! Error - File not received. closed
 ! Error - File not received. closed
multi_climc3 received 4 files in 12.040353059769s
 ! Error - File not received. closed
 ! Error - File not received. closed
 ! Error - File not received. closed
 ! Error - File not received. closed
multi_climc3 received 4 files in 12.03893995285s
 ! Error - File not received. closed
 ! Error - File not received. closed
 ! Error - File not received. closed
 ! Error - File not received. closed
multi_climc3 received 4 files in 12.040194034576s
multi_climc3| Files transfered: 20	 Total time taken: 306.94960093498
Higher time taken: 240.31064891815	 Average time taken: 15.347480046749
 ! Error - File not received. timeout
 ! Error - File not received. timeout
 ! Error - File not received. timeout
 ! Error - File not received. closed
multi_climc4 received 4 files in 180.50088810921s
 ! Error - File not received. timeout
 ! Error - File not received. closed
 ! Error - File not received. closed
 ! Error - File not received. closed
multi_climc4 received 4 files in 66.22212100029s
 ! Error - File not received. closed
 ! Error - File not received. closed
 ! Error - File not received. closed
 ! Error - File not received. timeout
multi_climc4 received 4 files in 69.113985061646s
 ! Error - File not received. timeout
 ! Error - File not received. closed
 ! Error - File not received. closed
 ! Error - File not received. closed
multi_climc4 received 4 files in 75.479166030884s
 ! Error - File not received. closed
 ! Error - File not received. closed
 ! Error - File not received. closed
 ! Error - File not received. closed
multi_climc4 received 4 files in 12.042781829834s
multi_climc4| Files transfered: 20	 Total time taken: 403.35894203186
Higher time taken: 180.50088810921	 Average time taken: 20.167947101593
 ! Error - File not received. timeout
 ! Error - File not received. closed
 ! Error - File not received. closed
 ! Error - File not received. timeout
multi_climc7 received 4 files in 144.3641269207s
 ! Error - File not received. timeout
 ! Error - File not received. timeout
 ! Error - File not received. timeout
 ! Error - File not received. timeout
multi_climc7 received 4 files in 240.28852701187s
 ! Error - File not received. closed
 ! Error - File not received. closed
 ! Error - File not received. closed
 ! Error - File not received. closed
multi_climc7 received 4 files in 30.760386943817s
 ! Error - File not received. closed
 ! Error - File not received. closed
 ! Error - File not received. closed
 ! Error - File not received. closed
multi_climc7 received 4 files in 12.038609981537s
 ! Error - File not received. closed
 ! Error - File not received. closed
 ! Error - File not received. closed
 ! Error - File not received. closed
multi_climc7 received 4 files in 12.042578935623s
multi_climc7| Files transfered: 20	 Total time taken: 439.49422979355
Higher time taken: 240.28852701187	 Average time taken: 21.974711489677
 ! Error - File not received. timeout
 ! Error - File not received. timeout
 ! Error - File not received. timeout
 ! Error - File not received. timeout
multi_climc2 received 4 files in 240.31277108192s
 ! Error - File not received. timeout
 ! Error - File not received. timeout
 ! Error - File not received. timeout
 ! Error - File not received. timeout
multi_climc2 received 4 files in 240.24129414558s
 ! Error - File not received. closed
 ! Error - File not received. closed
 ! Error - File not received. closed
 ! Error - File not received. closed
multi_climc2 received 4 files in 19.1875s
 ! Error - File not received. closed
 ! Error - File not received. closed
 ! Error - File not received. closed
 ! Error - File not received. closed
multi_climc2 received 4 files in 12.044447183609s
 ! Error - File not received. closed
 ! Error - File not received. closed
 ! Error - File not received. closed
 ! Error - File not received. closed
multi_climc2 received 4 files in 12.040023088455s
multi_climc2| Files transfered: 20	 Total time taken: 523.82603549957
Higher time taken: 240.31277108192	 Average time taken: 26.191301774979
 ! Error - File not received. timeout
 ! Error - File not received. timeout
 ! Error - File not received. timeout
 ! Error - File not received. timeout
multi_climc9 received 4 files in 240.2853140831s
 ! Error - File not received. closed
 ! Error - File not received. closed
 ! Error - File not received. closed
 ! Error - File not received. closed
multi_climc9 received 4 files in 9.4251499176025s
 ! Error - File not received. closed
 ! Error - File not received. closed
 ! Error - File not received. timeout
 ! Error - File not received. timeout
multi_climc9 received 4 files in 126.1728079319s
 ! Error - File not received. timeout
 ! Error - File not received. No route to host
 ! Error - File not received. closed
 ! Error - File not received. closed
multi_climc9 received 4 files in 111.78742694855s
 ! Error - File not received. No route to host
 ! Error - File not received. closed
 ! Error - File not received. closed
 ! Error - File not received. closed
multi_climc9 received 4 files in 54.183593034744s
multi_climc9| Files transfered: 20	 Total time taken: 541.85429191589
Higher time taken: 240.2853140831	 Average time taken: 27.092714595795
 ! Error - File not received. timeout
 ! Error - File not received. timeout
 ! Error - File not received. timeout
 ! Error - File not received. timeout
multi_climc8 received 4 files in 240.28887295723s
 ! Error - File not received. timeout
 ! Error - File not received. timeout
 ! Error - File not received. timeout
 ! Error - File not received. timeout
multi_climc8 received 4 files in 240.24134302139s
 ! Error - File not received. closed
 ! Error - File not received. closed
 ! Error - File not received. closed
 ! Error - File not received. timeout
multi_climc8 received 4 files in 67.212054014206s
 ! Error - File not received. closed
 ! Error - File not received. closed
 ! Error - File not received. closed
 ! Error - File not received. closed
multi_climc8 received 4 files in 9.1769669055939s
 ! Error - File not received. closed
 ! Error - File not received. closed
 ! Error - File not received. closed
 ! Error - File not received. closed
multi_climc8 received 4 files in 12.039230823517s
multi_climc8| Files transfered: 20	 Total time taken: 568.95846772194
Higher time taken: 240.28887295723	 Average time taken: 28.447923386097
