multi_clidtop1 received 4 files in 7.60089802742s
multi_clidtop1 received 4 files in 11.651812791824s
multi_clidtop1 received 4 files in 10.805625200272s
multi_clidtop1 received 4 files in 10.563423871994s
multi_clidtop1 received 4 files in 10.082348823547s
multi_clidtop1| Files transfered: 20	 Total time taken: 50.704108715057
Higher time taken: 11.651812791824	 Average time taken: 2.5352054357529
multi_clidtop3 received 4 files in 8.104220867157s
multi_clidtop3 received 4 files in 11.606626033783s
multi_clidtop3 received 4 files in 10.836910009384s
multi_clidtop3 received 4 files in 10.508824110031s
multi_clidtop3 received 4 files in 10.220437049866s
multi_clidtop3| Files transfered: 20	 Total time taken: 51.277018070221
Higher time taken: 11.606626033783	 Average time taken: 2.563850903511
multi_clidtop2 received 4 files in 8.5365500450134s
multi_clidtop2 received 4 files in 11.626811981201s
multi_clidtop2 received 4 files in 10.855103969574s
multi_clidtop2 received 4 files in 10.467592954636s
multi_clidtop2 received 4 files in 10.270533800125s
multi_clidtop2| Files transfered: 20	 Total time taken: 51.756592750549
Higher time taken: 11.626811981201	 Average time taken: 2.5878296375275
multi_clinetb1 received 4 files in 10.011628866196s
multi_clinetb1 received 4 files in 10.506983041763s
multi_clinetb1 received 4 files in 10.886718034744s
multi_clinetb1 received 4 files in 10.412928104401s
multi_clinetb1 received 4 files in 10.316946983337s
multi_clinetb1| Files transfered: 20	 Total time taken: 52.135205030441
Higher time taken: 10.886718034744	 Average time taken: 2.6067602515221
multi_clinetb2 received 4 files in 10.495991945267s
multi_clinetb2 received 4 files in 10.446527004242s
multi_clinetb2 received 4 files in 10.909442186356s
multi_clinetb2 received 4 files in 10.392359018326s
multi_clinetb2 received 4 files in 10.35492682457s
multi_clinetb2| Files transfered: 20	 Total time taken: 52.59924697876
Higher time taken: 10.909442186356	 Average time taken: 2.629962348938
