multi_clidtop1 received 4 files in 19.046914100647s
multi_clidtop1 received 4 files in 32.67578291893s
multi_clidtop1 received 4 files in 30.520696878433s
multi_clidtop1 received 4 files in 29.725337028503s
multi_clidtop1 received 4 files in 29.328851938248s
multi_clidtop1| Files transfered: 20	 Total time taken: 141.29758286476
Higher time taken: 32.67578291893	 Average time taken: 7.0648791432381
multi_clidtop8 received 4 files in 24.348112106323s
multi_clidtop8 received 4 files in 32.036590099335s
multi_clidtop8 received 4 files in 29.7904920578s
multi_clidtop8 received 4 files in 30.196885824203s
multi_clidtop8 received 4 files in 28.995096921921s
multi_clidtop8| Files transfered: 20	 Total time taken: 145.36717700958
Higher time taken: 32.036590099335	 Average time taken: 7.2683588504791
multi_clidtop6 received 4 files in 24.847623109818s
multi_clidtop6 received 4 files in 32.007687091827s
multi_clidtop6 received 4 files in 29.806467056274s
multi_clidtop6 received 4 files in 30.19393992424s
multi_clidtop6 received 4 files in 28.988790035248s
multi_clidtop6| Files transfered: 20	 Total time taken: 145.84450721741
Higher time taken: 32.007687091827	 Average time taken: 7.2922253608704
multi_clidtop7 received 4 files in 25.333254814148s
multi_clidtop7 received 4 files in 31.988809108734s
multi_clidtop7 received 4 files in 29.822728157043s
multi_clidtop7 received 4 files in 30.158276081085s
multi_clidtop7 received 4 files in 28.984863996506s
multi_clidtop7| Files transfered: 20	 Total time taken: 146.28793215752
Higher time taken: 31.988809108734	 Average time taken: 7.3143966078758
multi_clidtop5 received 4 files in 25.817704916s
multi_clidtop5 received 4 files in 31.975417852402s
multi_clidtop5 received 4 files in 29.78845000267s
multi_clidtop5 received 4 files in 30.193997859955s
multi_clidtop5 received 4 files in 28.983877897263s
multi_clidtop5| Files transfered: 20	 Total time taken: 146.75944852829
Higher time taken: 31.975417852402	 Average time taken: 7.3379724264145
multi_clidtop4 received 4 files in 26.293020009995s
multi_clidtop4 received 4 files in 31.994172811508s
multi_clidtop4 received 4 files in 29.768424034119s
multi_clidtop4 received 4 files in 30.205318927765s
multi_clidtop4 received 4 files in 28.974395036697s
multi_clidtop4| Files transfered: 20	 Total time taken: 147.23533082008
Higher time taken: 31.994172811508	 Average time taken: 7.3617665410042
multi_clidtop3 received 4 files in 26.768432855606s
multi_clidtop3 received 4 files in 32.013154983521s
multi_clidtop3 received 4 files in 29.758311986923s
multi_clidtop3 received 4 files in 30.153609991074s
multi_clidtop3 received 4 files in 29.00457406044s
multi_clidtop3| Files transfered: 20	 Total time taken: 147.69808387756
Higher time taken: 32.013154983521	 Average time taken: 7.3849041938782
multi_clidtop2 received 4 files in 27.239234924316s
multi_clidtop2 received 4 files in 32.012736797333s
multi_clidtop2 received 4 files in 29.744683980942s
multi_clidtop2 received 4 files in 30.14262509346s
multi_clidtop2 received 4 files in 29.035715103149s
multi_clidtop2| Files transfered: 20	 Total time taken: 148.1749958992
Higher time taken: 32.012736797333	 Average time taken: 7.40874979496
multi_clinetb1 received 4 files in 27.298914909363s
multi_clinetb1 received 4 files in 31.979663133621s
multi_clinetb1 received 4 files in 29.753359079361s
multi_clinetb1 received 4 files in 30.158468008041s
multi_clinetb1 received 4 files in 28.501060009003s
multi_clinetb1| Files transfered: 20	 Total time taken: 147.69146513939
Higher time taken: 31.979663133621	 Average time taken: 7.3845732569695
multi_clinetb2 received 4 files in 27.767201185226s
multi_clinetb2 received 4 files in 31.991569042206s
multi_clinetb2 received 4 files in 29.714174032211s
multi_clinetb2 received 4 files in 30.16261100769s
multi_clinetb2 received 4 files in 28.546772956848s
multi_clinetb2| Files transfered: 20	 Total time taken: 148.18232822418
Higher time taken: 31.991569042206	 Average time taken: 7.4091164112091
multi_clinetb4 received 4 files in 28.27619099617s
multi_clinetb4 received 4 files in 31.942523956299s
multi_clinetb4 received 4 files in 29.716250896454s
multi_clinetb4 received 4 files in 30.132843017578s
multi_clinetb4 received 4 files in 28.577367067337s
multi_clinetb4| Files transfered: 20	 Total time taken: 148.64517593384
Higher time taken: 31.942523956299	 Average time taken: 7.4322587966919
multi_clinetb3 received 4 files in 28.759299993515s
multi_clinetb3 received 4 files in 31.932178974152s
multi_clinetb3 received 4 files in 29.707838058472s
multi_clinetb3 received 4 files in 30.133881092072s
multi_clinetb3 received 4 files in 28.583553791046s
multi_clinetb3| Files transfered: 20	 Total time taken: 149.11675190926
Higher time taken: 31.932178974152	 Average time taken: 7.4558375954628
multi_clinetb6 received 4 files in 29.224668979645s
multi_clinetb6 received 4 files in 31.95668888092s
multi_clinetb6 received 4 files in 29.659319877625s
multi_clinetb6 received 4 files in 30.146595001221s
multi_clinetb6 received 4 files in 28.561234951019s
multi_clinetb6| Files transfered: 20	 Total time taken: 149.54850769043
Higher time taken: 31.95668888092	 Average time taken: 7.4774253845215
multi_clinetb5 received 4 files in 29.881970882416s
multi_clinetb5 received 4 files in 31.769481897354s
multi_clinetb5 received 4 files in 29.662853956223s
multi_clinetb5 received 4 files in 30.130562067032s
multi_clinetb5 received 4 files in 28.582463026047s
multi_clinetb5| Files transfered: 20	 Total time taken: 150.02733182907
Higher time taken: 31.769481897354	 Average time taken: 7.5013665914536
multi_clinetb7 received 4 files in 30.447474956512s
multi_clinetb7 received 4 files in 31.688231945038s
multi_clinetb7 received 4 files in 29.635012865067s
multi_clinetb7 received 4 files in 30.15709400177s
multi_clinetb7 received 4 files in 28.560383081436s
multi_clinetb7| Files transfered: 20	 Total time taken: 150.48819684982
Higher time taken: 31.688231945038	 Average time taken: 7.5244098424912
