 ! Error - File not received. closed
 ! Error - File not received. closed
 ! Error - File not received. closed
 ! Error - File not received. closed
multi_climc3 received 4 files in 12.059041976929s
 ! Error - File not received. closed
 ! Error - File not received. closed
 ! Error - File not received. closed
 ! Error - File not received. closed
multi_climc3 received 4 files in 12.040898084641s
 ! Error - File not received. closed
 ! Error - File not received. closed
 ! Error - File not received. closed
 ! Error - File not received. closed
multi_climc3 received 4 files in 12.036639928818s
 ! Error - File not received. closed
 ! Error - File not received. closed
 ! Error - File not received. closed
 ! Error - File not received. closed
multi_climc3 received 4 files in 12.04137301445s
 ! Error - File not received. closed
 ! Error - File not received. closed
 ! Error - File not received. closed
 ! Error - File not received. closed
multi_climc3 received 4 files in 12.040219068527s
multi_climc3| Files transfered: 20	 Total time taken: 60.218172073364
Higher time taken: 12.059041976929	 Average time taken: 3.0109086036682
 ! Error - File not received. closed
 ! Error - File not received. closed
 ! Error - File not received. closed
 ! Error - File not received. closed
multi_climc13 received 4 files in 15.004568815231s
 ! Error - File not received. closed
 ! Error - File not received. closed
 ! Error - File not received. closed
 ! Error - File not received. closed
multi_climc13 received 4 files in 12.040920972824s
 ! Error - File not received. closed
 ! Error - File not received. closed
 ! Error - File not received. closed
 ! Error - File not received. closed
multi_climc13 received 4 files in 12.037827968597s
 ! Error - File not received. closed
 ! Error - File not received. closed
 ! Error - File not received. closed
 ! Error - File not received. closed
multi_climc13 received 4 files in 12.037733078003s
 ! Error - File not received. closed
 ! Error - File not received. closed
 ! Error - File not received. closed
 ! Error - File not received. closed
multi_climc13 received 4 files in 12.04145693779s
multi_climc13| Files transfered: 20	 Total time taken: 63.162507772446
Higher time taken: 15.004568815231	 Average time taken: 3.1581253886223
 ! Error - File not received. closed
 ! Error - File not received. closed
 ! Error - File not received. closed
 ! Error - File not received. closed
multi_climc11 received 4 files in 18.038547039032s
 ! Error - File not received. closed
 ! Error - File not received. closed
 ! Error - File not received. closed
 ! Error - File not received. closed
multi_climc11 received 4 files in 12.040338993073s
 ! Error - File not received. closed
 ! Error - File not received. closed
 ! Error - File not received. closed
 ! Error - File not received. closed
multi_climc11 received 4 files in 12.040329933167s
 ! Error - File not received. closed
 ! Error - File not received. closed
 ! Error - File not received. closed
 ! Error - File not received. closed
multi_climc11 received 4 files in 12.039175987244s
 ! Error - File not received. closed
 ! Error - File not received. closed
 ! Error - File not received. closed
 ! Error - File not received. closed
multi_climc11 received 4 files in 12.042514801025s
multi_climc11| Files transfered: 20	 Total time taken: 66.20090675354
Higher time taken: 18.038547039032	 Average time taken: 3.310045337677
 ! Error - File not received. closed
 ! Error - File not received. timeout
 ! Error - File not received. closed
 ! Error - File not received. closed
multi_climc1 received 4 files in 69.184752941132s
 ! Error - File not received. closed
 ! Error - File not received. closed
 ! Error - File not received. closed
 ! Error - File not received. closed
multi_climc1 received 4 files in 12.039452075958s
 ! Error - File not received. closed
 ! Error - File not received. closed
 ! Error - File not received. closed
 ! Error - File not received. closed
multi_climc1 received 4 files in 12.043850898743s
 ! Error - File not received. closed
 ! Error - File not received. closed
 ! Error - File not received. closed
 ! Error - File not received. closed
multi_climc1 received 4 files in 12.037221908569s
 ! Error - File not received. closed
 ! Error - File not received. closed
 ! Error - File not received. closed
 ! Error - File not received. closed
multi_climc1 received 4 files in 12.039988040924s
multi_climc1| Files transfered: 20	 Total time taken: 117.34526586533
Higher time taken: 69.184752941132	 Average time taken: 5.8672632932663
 ! Error - File not received. timeout
 ! Error - File not received. closed
 ! Error - File not received. closed
 ! Error - File not received. closed
multi_climc2 received 4 files in 69.186871051788s
 ! Error - File not received. closed
 ! Error - File not received. closed
 ! Error - File not received. closed
 ! Error - File not received. closed
multi_climc2 received 4 files in 12.040057897568s
 ! Error - File not received. closed
 ! Error - File not received. closed
 ! Error - File not received. closed
 ! Error - File not received. closed
multi_climc2 received 4 files in 12.045622110367s
 ! Error - File not received. closed
 ! Error - File not received. closed
 ! Error - File not received. closed
 ! Error - File not received. closed
multi_climc2 received 4 files in 12.035120010376s
 ! Error - File not received. closed
 ! Error - File not received. closed
 ! Error - File not received. closed
 ! Error - File not received. closed
multi_climc2 received 4 files in 12.078006982803s
multi_climc2| Files transfered: 20	 Total time taken: 117.3856780529
Higher time taken: 69.186871051788	 Average time taken: 5.8692839026451
 ! Error - File not received. timeout
 ! Error - File not received. closed
 ! Error - File not received. closed
 ! Error - File not received. closed
multi_climc15 received 4 files in 75.213577032089s
 ! Error - File not received. closed
 ! Error - File not received. closed
 ! Error - File not received. closed
 ! Error - File not received. closed
multi_climc15 received 4 files in 12.041432857513s
 ! Error - File not received. closed
 ! Error - File not received. closed
 ! Error - File not received. closed
 ! Error - File not received. closed
multi_climc15 received 4 files in 12.036465883255s
 ! Error - File not received. closed
 ! Error - File not received. closed
 ! Error - File not received. closed
 ! Error - File not received. closed
multi_climc15 received 4 files in 12.040739059448s
 ! Error - File not received. closed
 ! Error - File not received. closed
 ! Error - File not received. closed
 ! Error - File not received. closed
multi_climc15 received 4 files in 12.047230005264s
multi_climc15| Files transfered: 20	 Total time taken: 123.37944483757
Higher time taken: 75.213577032089	 Average time taken: 6.1689722418785
 ! Error - File not received. timeout
 ! Error - File not received. timeout
 ! Error - File not received. closed
 ! Error - File not received. closed
multi_climc12 received 4 files in 123.3858859539s
 ! Error - File not received. closed
 ! Error - File not received. closed
 ! Error - File not received. closed
 ! Error - File not received. closed
multi_climc12 received 4 files in 12.03774189949s
 ! Error - File not received. closed
 ! Error - File not received. closed
 ! Error - File not received. closed
 ! Error - File not received. closed
multi_climc12 received 4 files in 12.058063030243s
 ! Error - File not received. closed
 ! Error - File not received. closed
 ! Error - File not received. closed
 ! Error - File not received. closed
multi_climc12 received 4 files in 12.043055057526s
 ! Error - File not received. closed
 ! Error - File not received. closed
 ! Error - File not received. closed
 ! Error - File not received. closed
multi_climc12 received 4 files in 12.058942079544s
multi_climc12| Files transfered: 20	 Total time taken: 171.58368802071
Higher time taken: 123.3858859539	 Average time taken: 8.5791844010353
 ! Error - File not received. timeout
 ! Error - File not received. timeout
 ! Error - File not received. closed
 ! Error - File not received. closed
multi_climc14 received 4 files in 123.38040399551s
 ! Error - File not received. closed
 ! Error - File not received. closed
 ! Error - File not received. closed
 ! Error - File not received. closed
multi_climc14 received 4 files in 12.03681397438s
 ! Error - File not received. closed
 ! Error - File not received. closed
 ! Error - File not received. closed
 ! Error - File not received. closed
multi_climc14 received 4 files in 12.057204961777s
 ! Error - File not received. closed
 ! Error - File not received. closed
 ! Error - File not received. closed
 ! Error - File not received. closed
multi_climc14 received 4 files in 12.043857097626s
 ! Error - File not received. closed
 ! Error - File not received. closed
 ! Error - File not received. closed
 ! Error - File not received. closed
multi_climc14 received 4 files in 12.071017026901s
multi_climc14| Files transfered: 20	 Total time taken: 171.5892970562
Higher time taken: 123.38040399551	 Average time taken: 8.5794648528099
 ! Error - File not received. timeout
 ! Error - File not received. timeout
 ! Error - File not received. timeout
 ! Error - File not received. timeout
multi_climc10 received 4 files in 240.29897499084s
 ! Error - File not received. timeout
 ! Error - File not received. closed
 ! Error - File not received. closed
 ! Error - File not received. closed
multi_climc10 received 4 files in 75.404099941254s
 ! Error - File not received. closed
 ! Error - File not received. closed
 ! Error - File not received. closed
 ! Error - File not received. closed
multi_climc10 received 4 files in 12.040154933929s
 ! Error - File not received. closed
 ! Error - File not received. closed
 ! Error - File not received. closed
 ! Error - File not received. closed
multi_climc10 received 4 files in 12.039779901505s
 ! Error - File not received. closed
 ! Error - File not received. closed
 ! Error - File not received. closed
 ! Error - File not received. closed
multi_climc10 received 4 files in 12.042197942734s
multi_climc10| Files transfered: 20	 Total time taken: 351.82520771027
Higher time taken: 240.29897499084	 Average time taken: 17.591260385513
 ! Error - File not received. timeout
 ! Error - File not received. timeout
 ! Error - File not received. timeout
 ! Error - File not received. timeout
multi_climc9 received 4 files in 240.30191302299s
 ! Error - File not received. timeout
 ! Error - File not received. timeout
 ! Error - File not received. No route to host
 ! Error - File not received. closed
multi_climc9 received 4 files in 168.72772908211s
 ! Error - File not received. closed
 ! Error - File not received. closed
 ! Error - File not received. closed
 ! Error - File not received. closed
multi_climc9 received 4 files in 12.03964805603s
 ! Error - File not received. closed
 ! Error - File not received. closed
 ! Error - File not received. closed
 ! Error - File not received. closed
multi_climc9 received 4 files in 12.03928399086s
 ! Error - File not received. closed
 ! Error - File not received. closed
 ! Error - File not received. closed
 ! Error - File not received. closed
multi_climc9 received 4 files in 12.058248996735s
multi_climc9| Files transfered: 20	 Total time taken: 445.16682314873
Higher time taken: 240.30191302299	 Average time taken: 22.258341157436
 ! Error - File not received. closed
 ! Error - File not received. timeout
 ! Error - File not received. timeout
 ! Error - File not received. timeout
multi_climc5 received 4 files in 183.11457395554s
 ! Error - File not received. timeout
 ! Error - File not received. timeout
 ! Error - File not received. timeout
 ! Error - File not received. timeout
multi_climc5 received 4 files in 240.23773002625s
 ! Error - File not received. No route to host
 ! Error - File not received. closed
 ! Error - File not received. closed
 ! Error - File not received. closed
multi_climc5 received 4 files in 54.90727186203s
 ! Error - File not received. closed
 ! Error - File not received. closed
 ! Error - File not received. closed
 ! Error - File not received. closed
multi_climc5 received 4 files in 12.037134885788s
 ! Error - File not received. closed
 ! Error - File not received. closed
 ! Error - File not received. closed
 ! Error - File not received. closed
multi_climc5 received 4 files in 12.045252084732s
multi_climc5| Files transfered: 20	 Total time taken: 502.34196281433
Higher time taken: 240.23773002625	 Average time taken: 25.117098140717
 ! Error - File not received. closed
 ! Error - File not received. timeout
 ! Error - File not received. timeout
 ! Error - File not received. timeout
multi_climc4 received 4 files in 183.17786288261s
 ! Error - File not received. timeout
 ! Error - File not received. timeout
 ! Error - File not received. timeout
 ! Error - File not received. timeout
multi_climc4 received 4 files in 240.23698401451s
 ! Error - File not received. timeout
 ! Error - File not received. closed
 ! Error - File not received. closed
 ! Error - File not received. closed
multi_climc4 received 4 files in 75.980575084686s
 ! Error - File not received. closed
 ! Error - File not received. closed
 ! Error - File not received. closed
 ! Error - File not received. closed
multi_climc4 received 4 files in 12.039319992065s
 ! Error - File not received. closed
 ! Error - File not received. closed
 ! Error - File not received. closed
 ! Error - File not received. closed
multi_climc4 received 4 files in 12.043444871902s
multi_climc4| Files transfered: 20	 Total time taken: 523.47818684578
Higher time taken: 240.23698401451	 Average time taken: 26.173909342289
 ! Error - File not received. timeout
 ! Error - File not received. timeout
 ! Error - File not received. timeout
 ! Error - File not received. timeout
multi_climc6 received 4 files in 240.31127810478s
 ! Error - File not received. timeout
 ! Error - File not received. timeout
 ! Error - File not received. timeout
 ! Error - File not received. timeout
multi_climc6 received 4 files in 240.25353288651s
 ! Error - File not received. No route to host
 ! Error - File not received. closed
 ! Error - File not received. closed
 ! Error - File not received. closed
multi_climc6 received 4 files in 54.938207864761s
 ! Error - File not received. closed
 ! Error - File not received. closed
 ! Error - File not received. closed
 ! Error - File not received. closed
multi_climc6 received 4 files in 12.04648900032s
 ! Error - File not received. closed
 ! Error - File not received. closed
 ! Error - File not received. closed
 ! Error - File not received. closed
multi_climc6 received 4 files in 12.062664985657s
multi_climc6| Files transfered: 20	 Total time taken: 559.61217284203
Higher time taken: 240.31127810478	 Average time taken: 27.980608642101
 ! Error - File not received. timeout
 ! Error - File not received. timeout
 ! Error - File not received. timeout
 ! Error - File not received. timeout
multi_climc7 received 4 files in 240.30836987495s
 ! Error - File not received. timeout
 ! Error - File not received. timeout
 ! Error - File not received. timeout
 ! Error - File not received. timeout
multi_climc7 received 4 files in 240.25375318527s
 ! Error - File not received. No route to host
 ! Error - File not received. closed
 ! Error - File not received. closed
 ! Error - File not received. closed
multi_climc7 received 4 files in 54.93799495697s
 ! Error - File not received. closed
 ! Error - File not received. closed
 ! Error - File not received. closed
 ! Error - File not received. closed
multi_climc7 received 4 files in 12.045109987259s
 ! Error - File not received. closed
 ! Error - File not received. closed
 ! Error - File not received. closed
 ! Error - File not received. closed
multi_climc7 received 4 files in 12.07270693779s
multi_climc7| Files transfered: 20	 Total time taken: 559.61793494225
Higher time taken: 240.30836987495	 Average time taken: 27.980896747112
