 ! Error - File not received. closed
 ! Error - File not received. closed
 ! Error - File not received. closed
 ! Error - File not received. closed
multi_climc1 received 4 files in 11.976453065872s
 ! Error - File not received. closed
 ! Error - File not received. closed
 ! Error - File not received. closed
 ! Error - File not received. closed
multi_climc1 received 4 files in 12.048731803894s
 ! Error - File not received. closed
 ! Error - File not received. closed
 ! Error - File not received. closed
 ! Error - File not received. closed
multi_climc1 received 4 files in 12.04932308197s
 ! Error - File not received. closed
 ! Error - File not received. closed
 ! Error - File not received. closed
 ! Error - File not received. closed
multi_climc1 received 4 files in 12.090176105499s
 ! Error - File not received. closed
 ! Error - File not received. closed
 ! Error - File not received. closed
 ! Error - File not received. closed
multi_climc1 received 4 files in 12.058095932007s
multi_climc1| Files transfered: 20	 Total time taken: 60.222779989243
Higher time taken: 12.090176105499	 Average time taken: 3.0111389994621
 ! Error - File not received. timeout
 ! Error - File not received. closed
 ! Error - File not received. closed
 ! Error - File not received. closed
multi_climc3 received 4 files in 69.261168003082s
 ! Error - File not received. closed
 ! Error - File not received. closed
 ! Error - File not received. closed
 ! Error - File not received. closed
multi_climc3 received 4 files in 12.041166067123s
 ! Error - File not received. closed
 ! Error - File not received. closed
 ! Error - File not received. closed
 ! Error - File not received. closed
multi_climc3 received 4 files in 12.058146953583s
 ! Error - File not received. closed
 ! Error - File not received. closed
 ! Error - File not received. closed
 ! Error - File not received. closed
multi_climc3 received 4 files in 12.050500869751s
 ! Error - File not received. closed
 ! Error - File not received. closed
 ! Error - File not received. closed
 ! Error - File not received. closed
multi_climc3 received 4 files in 12.037873983383s
multi_climc3| Files transfered: 20	 Total time taken: 117.44885587692
Higher time taken: 69.261168003082	 Average time taken: 5.8724427938461
 ! Error - File not received. timeout
 ! Error - File not received. closed
 ! Error - File not received. closed
 ! Error - File not received. closed
multi_climc2 received 4 files in 69.266180992126s
 ! Error - File not received. closed
 ! Error - File not received. closed
 ! Error - File not received. closed
 ! Error - File not received. closed
multi_climc2 received 4 files in 12.041208028793s
 ! Error - File not received. closed
 ! Error - File not received. closed
 ! Error - File not received. closed
 ! Error - File not received. closed
multi_climc2 received 4 files in 12.058464050293s
 ! Error - File not received. closed
 ! Error - File not received. closed
 ! Error - File not received. closed
 ! Error - File not received. closed
multi_climc2 received 4 files in 12.051646947861s
 ! Error - File not received. closed
 ! Error - File not received. closed
 ! Error - File not received. closed
 ! Error - File not received. closed
multi_climc2 received 4 files in 12.042367219925s
multi_climc2| Files transfered: 20	 Total time taken: 117.459867239
Higher time taken: 69.266180992126	 Average time taken: 5.8729933619499
 ! Error - File not received. timeout
 ! Error - File not received. closed
 ! Error - File not received. closed
 ! Error - File not received. closed
multi_climc4 received 4 files in 66.24899315834s
 ! Error - File not received. closed
 ! Error - File not received. closed
 ! Error - File not received. timeout
 ! Error - File not received. closed
multi_climc4 received 4 files in 66.247343063354s
 ! Error - File not received. closed
 ! Error - File not received. closed
 ! Error - File not received. closed
 ! Error - File not received. closed
multi_climc4 received 4 files in 12.03792309761s
 ! Error - File not received. closed
 ! Error - File not received. closed
 ! Error - File not received. closed
 ! Error - File not received. closed
multi_climc4 received 4 files in 12.041164875031s
 ! Error - File not received. closed
 ! Error - File not received. closed
 ! Error - File not received. closed
 ! Error - File not received. closed
multi_climc4 received 4 files in 12.040219068527s
multi_climc4| Files transfered: 20	 Total time taken: 168.61564326286
Higher time taken: 66.24899315834	 Average time taken: 8.4307821631432
 ! Error - File not received. timeout
 ! Error - File not received. closed
 ! Error - File not received. timeout
 ! Error - File not received. closed
multi_climc5 received 4 files in 120.45040011406s
 ! Error - File not received. closed
 ! Error - File not received. closed
 ! Error - File not received. closed
 ! Error - File not received. closed
multi_climc5 received 4 files in 12.042672872543s
 ! Error - File not received. closed
 ! Error - File not received. closed
 ! Error - File not received. closed
 ! Error - File not received. closed
multi_climc5 received 4 files in 12.036453008652s
 ! Error - File not received. closed
 ! Error - File not received. closed
 ! Error - File not received. closed
 ! Error - File not received. closed
multi_climc5 received 4 files in 12.041849136353s
 ! Error - File not received. closed
 ! Error - File not received. closed
 ! Error - File not received. closed
 ! Error - File not received. closed
multi_climc5 received 4 files in 12.053484916687s
multi_climc5| Files transfered: 20	 Total time taken: 168.62486004829
Higher time taken: 120.45040011406	 Average time taken: 8.4312430024147
