multi_clinetb1 received 4 files in 472.02926588058s
multi_clinetb1 received 4 files in 500.24228096008s
multi_clinetb1 received 4 files in 497.20051503181s
multi_clinetb1 received 4 files in 492.25215983391s
multi_clinetb1 received 4 files in 510.26599812508s
multi_clinetb1| Files transfered: 20	 Total time taken: 2471.9902198315
Higher time taken: 510.26599812508	 Average time taken: 123.59951099157
multi_clinetb2 received 4 files in 516.83487296104s
multi_clinetb2 received 4 files in 498.61868691444s
multi_clinetb2 received 4 files in 498.57115912437s
multi_clinetb2 received 4 files in 491.04887795448s
multi_clinetb2 received 4 files in 514.12332892418s
multi_clinetb2| Files transfered: 20	 Total time taken: 2519.1969258785
Higher time taken: 516.83487296104	 Average time taken: 125.95984629393
multi_clidtop3 received 4 files in 404.67324709892s
multi_clidtop3 received 4 files in 501.42024683952s
multi_clidtop3 received 4 files in 493.66995692253s
multi_clidtop3 received 4 files in 495.93604207039s
multi_clidtop3 received 4 files in 509.93527698517s
multi_clidtop3| Files transfered: 20	 Total time taken: 2405.6347699165
Higher time taken: 509.93527698517	 Average time taken: 120.28173849583
multi_clidtop2 received 4 files in 415.67100596428s
multi_clidtop2 received 4 files in 501.29908108711s
multi_clidtop2 received 4 files in 493.82790899277s
multi_clidtop2 received 4 files in 495.80339717865s
multi_clidtop2 received 4 files in 509.98198604584s
multi_clidtop2| Files transfered: 20	 Total time taken: 2416.5833792686
Higher time taken: 509.98198604584	 Average time taken: 120.82916896343
multi_clidtop1 received 4 files in 426.6130130291s
multi_clidtop1 received 4 files in 501.27519822121s
multi_clidtop1 received 4 files in 493.98562502861s
multi_clidtop1 received 4 files in 495.69812393188s
multi_clidtop1 received 4 files in 509.94948196411s
multi_clidtop1| Files transfered: 20	 Total time taken: 2427.5214421749
Higher time taken: 509.94948196411	 Average time taken: 121.37607210875
