multi_clinetb1 received 4 files in 1456.2807052135s
multi_clinetb1 received 4 files in 1688.9749319553s
multi_clinetb1 received 4 files in 1696.3690288067s
multi_clinetb1 received 4 files in 1638.7130270004s
multi_clinetb1 received 4 files in 1646.1456718445s
multi_clinetb1| Files transfered: 20	 Total time taken: 8126.4833648205
Higher time taken: 1696.3690288067	 Average time taken: 406.32416824102
multi_clinetb3 received 4 files in 1501.3649179935s
multi_clinetb3 received 4 files in 1687.1718990803s
multi_clinetb3 received 4 files in 1703.9664270878s
multi_clinetb3 received 4 files in 1631.2853169441s
multi_clinetb3 received 4 files in 1648.7299940586s
multi_clinetb3| Files transfered: 20	 Total time taken: 8172.5185551643
Higher time taken: 1703.9664270878	 Average time taken: 408.62592775822
multi_clinetb2 received 4 files in 1563.1001389027s
multi_clinetb2 received 4 files in 1673.8587119579s
multi_clinetb2 received 4 files in 1705.5894150734s
multi_clinetb2 received 4 files in 1632.3677370548s
multi_clinetb2 received 4 files in 1641.9073119164s
multi_clinetb2| Files transfered: 20	 Total time taken: 8216.8233149052
Higher time taken: 1705.5894150734	 Average time taken: 410.84116574526
multi_clinetb5 received 4 files in 1608.7406110764s
multi_clinetb5 received 4 files in 1671.3156721592s
multi_clinetb5 received 4 files in 1707.1941328049s
multi_clinetb5 received 4 files in 1633.121999979s
multi_clinetb5 received 4 files in 1650.9145550728s
multi_clinetb5| Files transfered: 20	 Total time taken: 8271.2869710922
Higher time taken: 1707.1941328049	 Average time taken: 413.56434855461
multi_clinetb4 received 4 files in 1659.744738102s
multi_clinetb4 received 4 files in 1667.4369730949s
multi_clinetb4 received 4 files in 1710.373691082s
multi_clinetb4 received 4 files in 1626.598361969s
multi_clinetb4 received 4 files in 1652.6977610588s
multi_clinetb4| Files transfered: 20	 Total time taken: 8316.8515253067
Higher time taken: 1710.373691082	 Average time taken: 415.84257626534
multi_clinetb7 received 4 files in 1704.7618410587s
multi_clinetb7 received 4 files in 1665.2949531078s
multi_clinetb7 received 4 files in 1710.7368137836s
multi_clinetb7 received 4 files in 1632.9809060097s
multi_clinetb7 received 4 files in 1654.4959089756s
multi_clinetb7| Files transfered: 20	 Total time taken: 8368.2704229355
Higher time taken: 1710.7368137836	 Average time taken: 418.41352114677
multi_clinetb6 received 4 files in 1748.6958138943s
multi_clinetb6 received 4 files in 1664.4509570599s
multi_clinetb6 received 4 files in 1712.5779020786s
multi_clinetb6 received 4 files in 1630.9295799732s
multi_clinetb6 received 4 files in 1657.7812509537s
multi_clinetb6| Files transfered: 20	 Total time taken: 8414.4355039597
Higher time taken: 1748.6958138943	 Average time taken: 420.72177519798
multi_clidtop4 received 4 files in 1382.6085329056s
multi_clidtop4 received 4 files in 1697.3532540798s
multi_clidtop4 received 4 files in 1690.9451861382s
multi_clidtop4 received 4 files in 1641.0390841961s
multi_clidtop4 received 4 files in 1640.775177002s
multi_clidtop4| Files transfered: 20	 Total time taken: 8052.7212343216
Higher time taken: 1697.3532540798	 Average time taken: 402.63606171608
multi_clidtop2 received 4 files in 1393.5600008965s
multi_clidtop2 received 4 files in 1697.4161539078s
multi_clidtop2 received 4 files in 1690.9007470608s
multi_clidtop2 received 4 files in 1641.0577030182s
multi_clidtop2 received 4 files in 1640.745018959s
multi_clidtop2| Files transfered: 20	 Total time taken: 8063.6796238422
Higher time taken: 1697.4161539078	 Average time taken: 403.18398119211
multi_clidtop3 received 4 files in 1404.5091509819s
multi_clidtop3 received 4 files in 1697.4916591644s
multi_clidtop3 received 4 files in 1690.8507101536s
multi_clidtop3 received 4 files in 1641.0311839581s
multi_clidtop3 received 4 files in 1640.795730114s
multi_clidtop3| Files transfered: 20	 Total time taken: 8074.6784343719
Higher time taken: 1697.4916591644	 Average time taken: 403.7339217186
multi_clidtop1 received 4 files in 1759.7915410995s
multi_clidtop1 received 4 files in 1664.5384569168s
multi_clidtop1 received 4 files in 1712.469383955s
multi_clidtop1 received 4 files in 1630.9873511791s
multi_clidtop1 received 4 files in 1657.8840780258s
multi_clidtop1| Files transfered: 20	 Total time taken: 8425.6708111763
Higher time taken: 1759.7915410995	 Average time taken: 421.28354055881
multi_clidtop8 received 4 files in 1770.8092520237s
multi_clidtop8 received 4 files in 1664.5057141781s
multi_clidtop8 received 4 files in 1712.4931969643s
multi_clidtop8 received 4 files in 1630.9591519833s
multi_clidtop8 received 4 files in 1657.9408268929s
multi_clidtop8| Files transfered: 20	 Total time taken: 8436.7081420422
Higher time taken: 1770.8092520237	 Average time taken: 421.83540710211
multi_clidtop5 received 4 files in 1781.7621231079s
multi_clidtop5 received 4 files in 1664.5090150833s
multi_clidtop5 received 4 files in 1712.3985240459s
multi_clidtop5 received 4 files in 1631.0631930828s
multi_clidtop5 received 4 files in 1657.9480531216s
multi_clidtop5| Files transfered: 20	 Total time taken: 8447.6809084415
Higher time taken: 1781.7621231079	 Average time taken: 422.38404542208
multi_clidtop6 received 4 files in 1792.7698669434s
multi_clidtop6 received 4 files in 1664.4857759476s
multi_clidtop6 received 4 files in 1712.3970768452s
multi_clidtop6 received 4 files in 1631.008908987s
multi_clidtop6 received 4 files in 1657.9995458126s
multi_clidtop6| Files transfered: 20	 Total time taken: 8458.6611745358
Higher time taken: 1792.7698669434	 Average time taken: 422.93305872679
multi_clidtop7 received 4 files in 1803.7767488956s
multi_clidtop7 received 4 files in 1664.4651799202s
multi_clidtop7 received 4 files in 1712.4004399776s
multi_clidtop7 received 4 files in 1631.0008630753s
multi_clidtop7 received 4 files in 1657.97910285s
multi_clidtop7| Files transfered: 20	 Total time taken: 8469.6223347187
Higher time taken: 1803.7767488956	 Average time taken: 423.48111673594
