multi_clinetb5 received 4 files in 28.534879922867s
multi_clinetb5 received 4 files in 20.880080938339s
multi_clinetb5 received 4 files in 22.334717988968s
multi_clinetb5 received 4 files in 27.276652097702s
multi_clinetb5 received 4 files in 23.314824104309s
multi_clinetb5| Files transfered: 20	 Total time taken: 122.34115505219
Higher time taken: 28.534879922867	 Average time taken: 6.1170577526093
multi_clinetb6 received 4 files in 21.172082185745s
multi_clinetb6 received 4 files in 23.451143026352s
multi_clinetb6 received 4 files in 22.936043977737s
multi_clinetb6 received 4 files in 29.675122976303s
multi_clinetb6 received 4 files in 26.141689062119s
multi_clinetb6| Files transfered: 20	 Total time taken: 123.37608122826
Higher time taken: 29.675122976303	 Average time taken: 6.1688040614128
multi_clinetb2 received 4 files in 20.336814880371s
multi_clinetb2 received 4 files in 25.240962982178s
multi_clinetb2 received 4 files in 20.576191902161s
multi_clinetb2 received 4 files in 31.62118601799s
multi_clinetb2 received 4 files in 27.726145982742s
multi_clinetb2| Files transfered: 20	 Total time taken: 125.50130176544
Higher time taken: 31.62118601799	 Average time taken: 6.2750650882721
multi_clinetb1 received 4 files in 19.340111017227s
multi_clinetb1 received 4 files in 26.678275108337s
multi_clinetb1 received 4 files in 23.842031002045s
multi_clinetb1 received 4 files in 25.678070068359s
multi_clinetb1 received 4 files in 32.442006111145s
multi_clinetb1| Files transfered: 20	 Total time taken: 127.98049330711
Higher time taken: 32.442006111145	 Average time taken: 6.3990246653557
multi_clinetb7 received 4 files in 23.803180217743s
multi_clinetb7 received 4 files in 24.709045886993s
multi_clinetb7 received 4 files in 26.819406986237s
multi_clinetb7 received 4 files in 24.314917087555s
multi_clinetb7 received 4 files in 29.128576040268s
multi_clinetb7| Files transfered: 20	 Total time taken: 128.7751262188
Higher time taken: 29.128576040268	 Average time taken: 6.4387563109398
multi_clinetb4 received 4 files in 22.260807037354s
multi_clinetb4 received 4 files in 21.438108921051s
multi_clinetb4 received 4 files in 38.535248994827s
multi_clinetb4 received 4 files in 25.470884084702s
multi_clinetb4 received 4 files in 21.737646102905s
multi_clinetb4| Files transfered: 20	 Total time taken: 129.44269514084
Higher time taken: 38.535248994827	 Average time taken: 6.4721347570419
multi_clinetb3 received 4 files in 35.237164974213s
multi_clinetb3 received 4 files in 33.857728004456s
multi_clinetb3 received 4 files in 22.225094079971s
multi_clinetb3 received 4 files in 24.146440982819s
multi_clinetb3 received 4 files in 16.362454175949s
multi_clinetb3| Files transfered: 20	 Total time taken: 131.82888221741
Higher time taken: 35.237164974213	 Average time taken: 6.5914441108704
multi_clidtop4 received 4 files in 21.573905944824s
multi_clidtop4 received 4 files in 25.306042194366s
multi_clidtop4 received 4 files in 26.697395086288s
multi_clidtop4 received 4 files in 25.851698875427s
multi_clidtop4 received 4 files in 23.02557682991s
multi_clidtop4| Files transfered: 20	 Total time taken: 122.45461893082
Higher time taken: 26.697395086288	 Average time taken: 6.1227309465408
multi_clidtop5 received 4 files in 30.843614816666s
multi_clidtop5 received 4 files in 22.133728981018s
multi_clidtop5 received 4 files in 20.114589929581s
multi_clidtop5 received 4 files in 29.105385065079s
multi_clidtop5 received 4 files in 22.339785814285s
multi_clidtop5| Files transfered: 20	 Total time taken: 124.53710460663
Higher time taken: 30.843614816666	 Average time taken: 6.2268552303314
multi_clidtop2 received 4 files in 23.984485149384s
multi_clidtop2 received 4 files in 30.901495933533s
multi_clidtop2 received 4 files in 28.093724012375s
multi_clidtop2 received 4 files in 22.662060976028s
multi_clidtop2 received 4 files in 22.57811498642s
multi_clidtop2| Files transfered: 20	 Total time taken: 128.21988105774
Higher time taken: 30.901495933533	 Average time taken: 6.410994052887
multi_clidtop6 received 4 files in 24.377444028854s
multi_clidtop6 received 4 files in 31.442943096161s
multi_clidtop6 received 4 files in 23.450046062469s
multi_clidtop6 received 4 files in 30.258740901947s
multi_clidtop6 received 4 files in 25.730612039566s
multi_clidtop6| Files transfered: 20	 Total time taken: 135.259786129
Higher time taken: 31.442943096161	 Average time taken: 6.7629893064499
multi_clidtop7 received 4 files in 27.690455913544s
multi_clidtop7 received 4 files in 31.842661857605s
multi_clidtop7 received 4 files in 32.878736972809s
multi_clidtop7 received 4 files in 27.82396197319s
multi_clidtop7 received 4 files in 15.045403957367s
multi_clidtop7| Files transfered: 20	 Total time taken: 135.28122067451
Higher time taken: 32.878736972809	 Average time taken: 6.7640610337257
multi_clidtop1 received 4 files in 24.200897932053s
multi_clidtop1 received 4 files in 24.731897115707s
multi_clidtop1 received 4 files in 38.759272813797s
multi_clidtop1 received 4 files in 28.374773025513s
multi_clidtop1 received 4 files in 19.445438146591s
multi_clidtop1| Files transfered: 20	 Total time taken: 135.51227903366
Higher time taken: 38.759272813797	 Average time taken: 6.775613951683
multi_clidtop8 received 4 files in 36.752907037735s
multi_clidtop8 received 4 files in 41.041662931442s
multi_clidtop8 received 4 files in 25.677608966827s
multi_clidtop8 received 4 files in 27.481413125992s
multi_clidtop8 received 4 files in 6.8136169910431s
multi_clidtop8| Files transfered: 20	 Total time taken: 137.76720905304
Higher time taken: 41.041662931442	 Average time taken: 6.888360452652
multi_clidtop3 received 4 files in 27.253456830978s
multi_clidtop3 received 4 files in 28.006369829178s
multi_clidtop3 received 4 files in 26.340664148331s
multi_clidtop3 received 4 files in 52.170629024506s
multi_clidtop3 received 4 files in 4.059406042099s
multi_clidtop3| Files transfered: 20	 Total time taken: 137.83052587509
Higher time taken: 52.170629024506	 Average time taken: 6.8915262937546
